/!\ FAILSAFE /!\  Wed Apr 14 20:47:44 +0530 2010
  Status: 500 Internal Server Error
  Access denied for user 'root'@'localhost' (using password: YES)
    /usr/lib/ruby/gems/1.8/gems/activerecord-2.3.5/lib/active_record/connection_adapters/mysql_adapter.rb:589:in `real_connect'
    /usr/lib/ruby/gems/1.8/gems/activerecord-2.3.5/lib/active_record/connection_adapters/mysql_adapter.rb:589:in `connect'
    /usr/lib/ruby/gems/1.8/gems/activerecord-2.3.5/lib/active_record/connection_adapters/mysql_adapter.rb:203:in `initialize'
    /usr/lib/ruby/gems/1.8/gems/activerecord-2.3.5/lib/active_record/connection_adapters/mysql_adapter.rb:75:in `new'
    /usr/lib/ruby/gems/1.8/gems/activerecord-2.3.5/lib/active_record/connection_adapters/mysql_adapter.rb:75:in `mysql_connection'
    /usr/lib/ruby/gems/1.8/gems/activerecord-2.3.5/lib/active_record/connection_adapters/abstract/connection_pool.rb:223:in `send'
    /usr/lib/ruby/gems/1.8/gems/activerecord-2.3.5/lib/active_record/connection_adapters/abstract/connection_pool.rb:223:in `new_connection'
    /usr/lib/ruby/gems/1.8/gems/activerecord-2.3.5/lib/active_record/connection_adapters/abstract/connection_pool.rb:245:in `checkout_new_connection'
    /usr/lib/ruby/gems/1.8/gems/activerecord-2.3.5/lib/active_record/connection_adapters/abstract/connection_pool.rb:188:in `checkout'
    /usr/lib/ruby/gems/1.8/gems/activerecord-2.3.5/lib/active_record/connection_adapters/abstract/connection_pool.rb:184:in `loop'
    /usr/lib/ruby/gems/1.8/gems/activerecord-2.3.5/lib/active_record/connection_adapters/abstract/connection_pool.rb:184:in `checkout'
    /usr/lib/ruby/1.8/monitor.rb:242:in `synchronize'
    /usr/lib/ruby/gems/1.8/gems/activerecord-2.3.5/lib/active_record/connection_adapters/abstract/connection_pool.rb:183:in `checkout'
    /usr/lib/ruby/gems/1.8/gems/activerecord-2.3.5/lib/active_record/connection_adapters/abstract/connection_pool.rb:98:in `connection'
    /usr/lib/ruby/gems/1.8/gems/activerecord-2.3.5/lib/active_record/connection_adapters/abstract/connection_pool.rb:326:in `retrieve_connection'
    /usr/lib/ruby/gems/1.8/gems/activerecord-2.3.5/lib/active_record/connection_adapters/abstract/connection_specification.rb:123:in `retrieve_connection'
    /usr/lib/ruby/gems/1.8/gems/activerecord-2.3.5/lib/active_record/connection_adapters/abstract/connection_specification.rb:115:in `connection'
    /usr/lib/ruby/gems/1.8/gems/activerecord-2.3.5/lib/active_record/query_cache.rb:9:in `cache'
    /usr/lib/ruby/gems/1.8/gems/activerecord-2.3.5/lib/active_record/query_cache.rb:28:in `call'
    /usr/lib/ruby/gems/1.8/gems/activerecord-2.3.5/lib/active_record/connection_adapters/abstract/connection_pool.rb:361:in `call'
    /usr/lib/ruby/gems/1.8/gems/actionpack-2.3.5/lib/action_controller/string_coercion.rb:25:in `call'
    /usr/lib/ruby/gems/1.8/gems/rack-1.0.1/lib/rack/head.rb:9:in `call'
    /usr/lib/ruby/gems/1.8/gems/rack-1.0.1/lib/rack/methodoverride.rb:24:in `call'
    /usr/lib/ruby/gems/1.8/gems/actionpack-2.3.5/lib/action_controller/params_parser.rb:15:in `call'
    /usr/lib/ruby/gems/1.8/gems/actionpack-2.3.5/lib/action_controller/session/cookie_store.rb:93:in `call'
    /usr/lib/ruby/gems/1.8/gems/actionpack-2.3.5/lib/action_controller/failsafe.rb:26:in `call'
    /usr/lib/ruby/gems/1.8/gems/rack-1.0.1/lib/rack/lock.rb:11:in `call'
    /usr/lib/ruby/gems/1.8/gems/rack-1.0.1/lib/rack/lock.rb:11:in `synchronize'
    /usr/lib/ruby/gems/1.8/gems/rack-1.0.1/lib/rack/lock.rb:11:in `call'
    /usr/lib/ruby/gems/1.8/gems/actionpack-2.3.5/lib/action_controller/dispatcher.rb:114:in `call'
    /usr/lib/ruby/gems/1.8/gems/actionpack-2.3.5/lib/action_controller/reloader.rb:34:in `run'
    /usr/lib/ruby/gems/1.8/gems/actionpack-2.3.5/lib/action_controller/dispatcher.rb:108:in `call'
    /usr/lib/ruby/gems/1.8/gems/actionpack-2.3.5/lib/action_controller/cgi_process.rb:44:in `dispatch_cgi'
    /usr/lib/ruby/gems/1.8/gems/actionpack-2.3.5/lib/action_controller/dispatcher.rb:101:in `dispatch_cgi'
    /usr/lib/ruby/gems/1.8/gems/actionpack-2.3.5/lib/action_controller/dispatcher.rb:27:in `dispatch'
    /usr/lib/ruby/gems/1.8/gems/mongrel-1.1.5/bin/../lib/mongrel/rails.rb:76:in `process'
    /usr/lib/ruby/gems/1.8/gems/mongrel-1.1.5/bin/../lib/mongrel/rails.rb:74:in `synchronize'
    /usr/lib/ruby/gems/1.8/gems/mongrel-1.1.5/bin/../lib/mongrel/rails.rb:74:in `process'
    /usr/lib/ruby/gems/1.8/gems/mongrel-1.1.5/bin/../lib/mongrel.rb:159:in `process_client'
    /usr/lib/ruby/gems/1.8/gems/mongrel-1.1.5/bin/../lib/mongrel.rb:158:in `each'
    /usr/lib/ruby/gems/1.8/gems/mongrel-1.1.5/bin/../lib/mongrel.rb:158:in `process_client'
    /usr/lib/ruby/gems/1.8/gems/mongrel-1.1.5/bin/../lib/mongrel.rb:285:in `run'
    /usr/lib/ruby/gems/1.8/gems/mongrel-1.1.5/bin/../lib/mongrel.rb:285:in `initialize'
    /usr/lib/ruby/gems/1.8/gems/mongrel-1.1.5/bin/../lib/mongrel.rb:285:in `new'
    /usr/lib/ruby/gems/1.8/gems/mongrel-1.1.5/bin/../lib/mongrel.rb:285:in `run'
    /usr/lib/ruby/gems/1.8/gems/mongrel-1.1.5/bin/../lib/mongrel.rb:268:in `initialize'
    /usr/lib/ruby/gems/1.8/gems/mongrel-1.1.5/bin/../lib/mongrel.rb:268:in `new'
    /usr/lib/ruby/gems/1.8/gems/mongrel-1.1.5/bin/../lib/mongrel.rb:268:in `run'
    /usr/lib/ruby/gems/1.8/gems/mongrel-1.1.5/bin/../lib/mongrel/configurator.rb:282:in `run'
    /usr/lib/ruby/gems/1.8/gems/mongrel-1.1.5/bin/../lib/mongrel/configurator.rb:281:in `each'
    /usr/lib/ruby/gems/1.8/gems/mongrel-1.1.5/bin/../lib/mongrel/configurator.rb:281:in `run'
    /usr/lib/ruby/gems/1.8/gems/mongrel-1.1.5/bin/mongrel_rails:128:in `run'
    /usr/lib/ruby/gems/1.8/gems/mongrel-1.1.5/bin/../lib/mongrel/command.rb:212:in `run'
    /usr/lib/ruby/gems/1.8/gems/mongrel-1.1.5/bin/mongrel_rails:281
    /usr/bin/mongrel_rails:19:in `load'
    /usr/bin/mongrel_rails:19
/!\ FAILSAFE /!\  Wed Apr 14 21:10:54 +0530 2010
  Status: 500 Internal Server Error
  Access denied for user 'root'@'localhost' (using password: YES)
    /usr/lib/ruby/gems/1.8/gems/activerecord-2.3.5/lib/active_record/connection_adapters/mysql_adapter.rb:589:in `real_connect'
    /usr/lib/ruby/gems/1.8/gems/activerecord-2.3.5/lib/active_record/connection_adapters/mysql_adapter.rb:589:in `connect'
    /usr/lib/ruby/gems/1.8/gems/activerecord-2.3.5/lib/active_record/connection_adapters/mysql_adapter.rb:203:in `initialize'
    /usr/lib/ruby/gems/1.8/gems/activerecord-2.3.5/lib/active_record/connection_adapters/mysql_adapter.rb:75:in `new'
    /usr/lib/ruby/gems/1.8/gems/activerecord-2.3.5/lib/active_record/connection_adapters/mysql_adapter.rb:75:in `mysql_connection'
    /usr/lib/ruby/gems/1.8/gems/activerecord-2.3.5/lib/active_record/connection_adapters/abstract/connection_pool.rb:223:in `send'
    /usr/lib/ruby/gems/1.8/gems/activerecord-2.3.5/lib/active_record/connection_adapters/abstract/connection_pool.rb:223:in `new_connection'
    /usr/lib/ruby/gems/1.8/gems/activerecord-2.3.5/lib/active_record/connection_adapters/abstract/connection_pool.rb:245:in `checkout_new_connection'
    /usr/lib/ruby/gems/1.8/gems/activerecord-2.3.5/lib/active_record/connection_adapters/abstract/connection_pool.rb:188:in `checkout'
    /usr/lib/ruby/gems/1.8/gems/activerecord-2.3.5/lib/active_record/connection_adapters/abstract/connection_pool.rb:184:in `loop'
    /usr/lib/ruby/gems/1.8/gems/activerecord-2.3.5/lib/active_record/connection_adapters/abstract/connection_pool.rb:184:in `checkout'
    /usr/lib/ruby/1.8/monitor.rb:242:in `synchronize'
    /usr/lib/ruby/gems/1.8/gems/activerecord-2.3.5/lib/active_record/connection_adapters/abstract/connection_pool.rb:183:in `checkout'
    /usr/lib/ruby/gems/1.8/gems/activerecord-2.3.5/lib/active_record/connection_adapters/abstract/connection_pool.rb:98:in `connection'
    /usr/lib/ruby/gems/1.8/gems/activerecord-2.3.5/lib/active_record/connection_adapters/abstract/connection_pool.rb:326:in `retrieve_connection'
    /usr/lib/ruby/gems/1.8/gems/activerecord-2.3.5/lib/active_record/connection_adapters/abstract/connection_specification.rb:123:in `retrieve_connection'
    /usr/lib/ruby/gems/1.8/gems/activerecord-2.3.5/lib/active_record/connection_adapters/abstract/connection_specification.rb:115:in `connection'
    /usr/lib/ruby/gems/1.8/gems/activerecord-2.3.5/lib/active_record/query_cache.rb:9:in `cache'
    /usr/lib/ruby/gems/1.8/gems/activerecord-2.3.5/lib/active_record/query_cache.rb:28:in `call'
    /usr/lib/ruby/gems/1.8/gems/activerecord-2.3.5/lib/active_record/connection_adapters/abstract/connection_pool.rb:361:in `call'
    /usr/lib/ruby/gems/1.8/gems/actionpack-2.3.5/lib/action_controller/string_coercion.rb:25:in `call'
    /usr/lib/ruby/gems/1.8/gems/rack-1.0.1/lib/rack/head.rb:9:in `call'
    /usr/lib/ruby/gems/1.8/gems/rack-1.0.1/lib/rack/methodoverride.rb:24:in `call'
    /usr/lib/ruby/gems/1.8/gems/actionpack-2.3.5/lib/action_controller/params_parser.rb:15:in `call'
    /usr/lib/ruby/gems/1.8/gems/actionpack-2.3.5/lib/action_controller/session/cookie_store.rb:93:in `call'
    /usr/lib/ruby/gems/1.8/gems/actionpack-2.3.5/lib/action_controller/failsafe.rb:26:in `call'
    /usr/lib/ruby/gems/1.8/gems/rack-1.0.1/lib/rack/lock.rb:11:in `call'
    /usr/lib/ruby/gems/1.8/gems/rack-1.0.1/lib/rack/lock.rb:11:in `synchronize'
    /usr/lib/ruby/gems/1.8/gems/rack-1.0.1/lib/rack/lock.rb:11:in `call'
    /usr/lib/ruby/gems/1.8/gems/actionpack-2.3.5/lib/action_controller/dispatcher.rb:114:in `call'
    /usr/lib/ruby/gems/1.8/gems/actionpack-2.3.5/lib/action_controller/reloader.rb:34:in `run'
    /usr/lib/ruby/gems/1.8/gems/actionpack-2.3.5/lib/action_controller/dispatcher.rb:108:in `call'
    /usr/lib/ruby/gems/1.8/gems/actionpack-2.3.5/lib/action_controller/cgi_process.rb:44:in `dispatch_cgi'
    /usr/lib/ruby/gems/1.8/gems/actionpack-2.3.5/lib/action_controller/dispatcher.rb:101:in `dispatch_cgi'
    /usr/lib/ruby/gems/1.8/gems/actionpack-2.3.5/lib/action_controller/dispatcher.rb:27:in `dispatch'
    /usr/lib/ruby/gems/1.8/gems/mongrel-1.1.5/bin/../lib/mongrel/rails.rb:76:in `process'
    /usr/lib/ruby/gems/1.8/gems/mongrel-1.1.5/bin/../lib/mongrel/rails.rb:74:in `synchronize'
    /usr/lib/ruby/gems/1.8/gems/mongrel-1.1.5/bin/../lib/mongrel/rails.rb:74:in `process'
    /usr/lib/ruby/gems/1.8/gems/mongrel-1.1.5/bin/../lib/mongrel.rb:159:in `process_client'
    /usr/lib/ruby/gems/1.8/gems/mongrel-1.1.5/bin/../lib/mongrel.rb:158:in `each'
    /usr/lib/ruby/gems/1.8/gems/mongrel-1.1.5/bin/../lib/mongrel.rb:158:in `process_client'
    /usr/lib/ruby/gems/1.8/gems/mongrel-1.1.5/bin/../lib/mongrel.rb:285:in `run'
    /usr/lib/ruby/gems/1.8/gems/mongrel-1.1.5/bin/../lib/mongrel.rb:285:in `initialize'
    /usr/lib/ruby/gems/1.8/gems/mongrel-1.1.5/bin/../lib/mongrel.rb:285:in `new'
    /usr/lib/ruby/gems/1.8/gems/mongrel-1.1.5/bin/../lib/mongrel.rb:285:in `run'
    /usr/lib/ruby/gems/1.8/gems/mongrel-1.1.5/bin/../lib/mongrel.rb:268:in `initialize'
    /usr/lib/ruby/gems/1.8/gems/mongrel-1.1.5/bin/../lib/mongrel.rb:268:in `new'
    /usr/lib/ruby/gems/1.8/gems/mongrel-1.1.5/bin/../lib/mongrel.rb:268:in `run'
    /usr/lib/ruby/gems/1.8/gems/mongrel-1.1.5/bin/../lib/mongrel/configurator.rb:282:in `run'
    /usr/lib/ruby/gems/1.8/gems/mongrel-1.1.5/bin/../lib/mongrel/configurator.rb:281:in `each'
    /usr/lib/ruby/gems/1.8/gems/mongrel-1.1.5/bin/../lib/mongrel/configurator.rb:281:in `run'
    /usr/lib/ruby/gems/1.8/gems/mongrel-1.1.5/bin/mongrel_rails:128:in `run'
    /usr/lib/ruby/gems/1.8/gems/mongrel-1.1.5/bin/../lib/mongrel/command.rb:212:in `run'
    /usr/lib/ruby/gems/1.8/gems/mongrel-1.1.5/bin/mongrel_rails:281
    /usr/bin/mongrel_rails:19:in `load'
    /usr/bin/mongrel_rails:19
  [4;36;1mSQL (0.2ms)[0m   [0;1mSET SQL_AUTO_IS_NULL=0[0m


Processing MainController#index (for 127.0.0.1 at 2010-04-14 21:11:15) [GET]
  [4;35;1mUser Columns (1.5ms)[0m   [0mSHOW FIELDS FROM `users`[0m
  [4;36;1mUser Load (0.5ms)[0m   [0;1mSELECT * FROM `users` WHERE (`users`.`id` = 1) LIMIT 1[0m
Rendering template within layouts/application
Rendering main/index
  [4;35;1mSQL (0.6ms)[0m   [0mSELECT count(*) AS count_all FROM `users` INNER JOIN `contacts` ON `users`.id = `contacts`.friend_id WHERE ((`contacts`.user_id = 1)) [0m
  [4;36;1mCACHE (0.0ms)[0m   [0;1mSELECT count(*) AS count_all FROM `users` INNER JOIN `contacts` ON `users`.id = `contacts`.friend_id WHERE ((`contacts`.user_id = 1)) [0m
  [4;35;1mContact Load (0.5ms)[0m   [0mSELECT * FROM `contacts` WHERE (`contacts`.user_id = 1) ORDER BY status asc, initiator asc, created_at asc[0m
  [4;36;1mContact Columns (1.0ms)[0m   [0;1mSHOW FIELDS FROM `contacts`[0m
  [4;35;1mUser Load (0.4ms)[0m   [0mSELECT * FROM `users` WHERE (`users`.`id` = 2) [0m
Rendered shared/_stylesheet_includes (14.7ms)
Rendered shared/_header (10.4ms)
Rendered shared/_javascript_includes (4.9ms)
Completed in 228ms (View: 135, DB: 5) | 200 OK [http://localhost/]
  [4;36;1mSQL (0.1ms)[0m   [0;1mSET SQL_AUTO_IS_NULL=0[0m


Processing ConferencesController#new (for 127.0.0.1 at 2010-04-14 21:11:18) [GET]
  Parameters: {"contact_id"=>"1"}
  [4;35;1mUser Columns (0.9ms)[0m   [0mSHOW FIELDS FROM `users`[0m
  [4;36;1mUser Load (0.1ms)[0m   [0;1mSELECT * FROM `users` WHERE (`users`.`id` = 1) LIMIT 1[0m
  [4;35;1mContact Columns (0.8ms)[0m   [0mSHOW FIELDS FROM `contacts`[0m
  [4;36;1mContact Load (0.2ms)[0m   [0;1mSELECT * FROM `contacts` WHERE (`contacts`.`id` = 1) [0m
  [4;35;1mConference Load (0.5ms)[0m   [0mSELECT `conferences`.* FROM `conferences` INNER JOIN `conference_users` ON `conferences`.id = `conference_users`.conference_id WHERE ((`conference_users`.user_id = 1)) [0m
  [4;36;1mConference Columns (0.6ms)[0m   [0;1mSHOW FIELDS FROM `conferences`[0m
  [4;35;1mSQL (0.1ms)[0m   [0mBEGIN[0m
  [4;36;1mConference Create (0.2ms)[0m   [0;1mINSERT INTO `conferences` (`created_at`, `initiator_id`, `title`, `updated_at`) VALUES('2010-04-14 15:41:18', 1, NULL, '2010-04-14 15:41:18')[0m
  [4;35;1mSQL (1.9ms)[0m   [0mCOMMIT[0m
  [4;36;1mSQL (0.1ms)[0m   [0;1mBEGIN[0m
  [4;35;1mConferenceUser Columns (0.8ms)[0m   [0mSHOW FIELDS FROM `conference_users`[0m
  [4;36;1mConferenceUser Create (0.2ms)[0m   [0;1mINSERT INTO `conference_users` (`created_at`, `recomender_id`, `updated_at`, `terminated_at`, `user_id`, `status`, `conference_id`, `last_read_at`, `terminator_id`) VALUES('2010-04-14 15:41:18', NULL, '2010-04-14 15:41:18', NULL, 1, 0, 1, NULL, NULL)[0m
  [4;35;1mSQL (0.4ms)[0m   [0mCOMMIT[0m
  [4;36;1mUser Load (0.1ms)[0m   [0;1mSELECT * FROM `users` WHERE (`users`.`id` = 2) [0m
  [4;35;1mSQL (0.0ms)[0m   [0mBEGIN[0m
  [4;36;1mConferenceUser Create (0.2ms)[0m   [0;1mINSERT INTO `conference_users` (`created_at`, `recomender_id`, `updated_at`, `terminated_at`, `user_id`, `status`, `conference_id`, `last_read_at`, `terminator_id`) VALUES('2010-04-14 15:41:18', NULL, '2010-04-14 15:41:18', NULL, 2, 0, 1, NULL, NULL)[0m
  [4;35;1mSQL (0.3ms)[0m   [0mCOMMIT[0m
Redirected to http://localhost:5000/conferences/1
Completed in 109ms (DB: 7) | 302 Found [http://localhost/conferences/new?contact_id=1]
  [4;36;1mSQL (0.1ms)[0m   [0;1mSET SQL_AUTO_IS_NULL=0[0m


Processing ConferencesController#show (for 127.0.0.1 at 2010-04-14 21:11:18) [GET]
  Parameters: {"id"=>"1"}
  [4;35;1mUser Columns (1.4ms)[0m   [0mSHOW FIELDS FROM `users`[0m
  [4;36;1mUser Load (0.1ms)[0m   [0;1mSELECT * FROM `users` WHERE (`users`.`id` = 1) LIMIT 1[0m
  [4;35;1mConferenceUser Columns (1.2ms)[0m   [0mSHOW FIELDS FROM `conference_users`[0m
  [4;36;1mConferenceUser Load (0.4ms)[0m   [0;1mSELECT * FROM `conference_users` WHERE (`conference_users`.`conference_id` = '1') AND (`conference_users`.user_id = 1) LIMIT 1[0m
  [4;35;1mConference Columns (0.9ms)[0m   [0mSHOW FIELDS FROM `conferences`[0m
  [4;36;1mConference Load (0.3ms)[0m   [0;1mSELECT * FROM `conferences` WHERE (`conferences`.`id` = 1) [0m
  [4;35;1mConferenceUser Load (0.4ms)[0m   [0mSELECT `conference_users`.* FROM `conference_users` WHERE (`conference_users`.conference_id = 1) [0m
Rendering conferences/show
Completed in 68ms (View: 11, DB: 5) | 200 OK [http://localhost/conferences/1]
  [4;36;1mSQL (0.1ms)[0m   [0;1mSET SQL_AUTO_IS_NULL=0[0m


Processing ConferencesController#new (for 127.0.0.1 at 2010-04-14 21:13:07) [GET]
  Parameters: {"contact_id"=>"1"}
  [4;35;1mUser Columns (1.4ms)[0m   [0mSHOW FIELDS FROM `users`[0m
  [4;36;1mUser Load (0.1ms)[0m   [0;1mSELECT * FROM `users` WHERE (`users`.`id` = 1) LIMIT 1[0m
  [4;35;1mContact Columns (1.3ms)[0m   [0mSHOW FIELDS FROM `contacts`[0m
  [4;36;1mContact Load (0.1ms)[0m   [0;1mSELECT * FROM `contacts` WHERE (`contacts`.`id` = 1) [0m
  [4;35;1mConference Load (0.5ms)[0m   [0mSELECT `conferences`.* FROM `conferences` INNER JOIN `conference_users` ON `conferences`.id = `conference_users`.conference_id WHERE ((`conference_users`.user_id = 1)) [0m
  [4;36;1mConference Columns (0.9ms)[0m   [0;1mSHOW FIELDS FROM `conferences`[0m
  [4;35;1mConferenceUser Load (0.2ms)[0m   [0mSELECT `conference_users`.* FROM `conference_users` WHERE (`conference_users`.conference_id = 1) [0m
  [4;36;1mConferenceUser Columns (1.3ms)[0m   [0;1mSHOW FIELDS FROM `conference_users`[0m
  [4;35;1mConferenceUser Load (0.4ms)[0m   [0mSELECT * FROM `conference_users` WHERE (`conference_users`.`user_id` = 2) AND (`conference_users`.conference_id = 1) LIMIT 1[0m
Redirected to http://localhost:5000/conferences/1
Completed in 63ms (DB: 6) | 302 Found [http://localhost/conferences/new?contact_id=1]
  [4;36;1mSQL (0.1ms)[0m   [0;1mSET SQL_AUTO_IS_NULL=0[0m


Processing ConferencesController#show (for 127.0.0.1 at 2010-04-14 21:13:07) [GET]
  Parameters: {"id"=>"1"}
  [4;35;1mUser Columns (1.3ms)[0m   [0mSHOW FIELDS FROM `users`[0m
  [4;36;1mUser Load (0.1ms)[0m   [0;1mSELECT * FROM `users` WHERE (`users`.`id` = 1) LIMIT 1[0m
  [4;35;1mConferenceUser Columns (1.2ms)[0m   [0mSHOW FIELDS FROM `conference_users`[0m
  [4;36;1mConferenceUser Load (0.2ms)[0m   [0;1mSELECT * FROM `conference_users` WHERE (`conference_users`.`conference_id` = '1') AND (`conference_users`.user_id = 1) LIMIT 1[0m
  [4;35;1mConference Columns (1.0ms)[0m   [0mSHOW FIELDS FROM `conferences`[0m
  [4;36;1mConference Load (0.1ms)[0m   [0;1mSELECT * FROM `conferences` WHERE (`conferences`.`id` = 1) [0m
  [4;35;1mConferenceUser Load (0.2ms)[0m   [0mSELECT `conference_users`.* FROM `conference_users` WHERE (`conference_users`.conference_id = 1) [0m
Rendering conferences/show
Completed in 140ms (View: 1, DB: 4) | 200 OK [http://localhost/conferences/1]
  [4;36;1mSQL (0.1ms)[0m   [0;1mSET SQL_AUTO_IS_NULL=0[0m


Processing ConferencesController#show (for 127.0.0.1 at 2010-04-14 21:13:14) [GET]
  Parameters: {"id"=>"1"}
  [4;35;1mUser Columns (1.4ms)[0m   [0mSHOW FIELDS FROM `users`[0m
  [4;36;1mUser Load (0.1ms)[0m   [0;1mSELECT * FROM `users` WHERE (`users`.`id` = 1) LIMIT 1[0m
  [4;35;1mConferenceUser Columns (1.3ms)[0m   [0mSHOW FIELDS FROM `conference_users`[0m
  [4;36;1mConferenceUser Load (0.1ms)[0m   [0;1mSELECT * FROM `conference_users` WHERE (`conference_users`.`conference_id` = '1') AND (`conference_users`.user_id = 1) LIMIT 1[0m
  [4;35;1mConference Columns (0.6ms)[0m   [0mSHOW FIELDS FROM `conferences`[0m
  [4;36;1mConference Load (0.1ms)[0m   [0;1mSELECT * FROM `conferences` WHERE (`conferences`.`id` = 1) [0m
  [4;35;1mConferenceUser Load (0.1ms)[0m   [0mSELECT `conference_users`.* FROM `conference_users` WHERE (`conference_users`.conference_id = 1) [0m
Rendering conferences/show
Completed in 49ms (View: 1, DB: 4) | 200 OK [http://localhost/conferences/1]
  [4;36;1mSQL (0.1ms)[0m   [0;1mSET SQL_AUTO_IS_NULL=0[0m


Processing ConferencesController#show (for 127.0.0.1 at 2010-04-14 21:13:15) [GET]
  Parameters: {"id"=>"1"}
  [4;35;1mUser Columns (0.9ms)[0m   [0mSHOW FIELDS FROM `users`[0m
  [4;36;1mUser Load (0.1ms)[0m   [0;1mSELECT * FROM `users` WHERE (`users`.`id` = 1) LIMIT 1[0m
  [4;35;1mConferenceUser Columns (0.8ms)[0m   [0mSHOW FIELDS FROM `conference_users`[0m
  [4;36;1mConferenceUser Load (0.1ms)[0m   [0;1mSELECT * FROM `conference_users` WHERE (`conference_users`.`conference_id` = '1') AND (`conference_users`.user_id = 1) LIMIT 1[0m
  [4;35;1mConference Columns (0.6ms)[0m   [0mSHOW FIELDS FROM `conferences`[0m
  [4;36;1mConference Load (0.1ms)[0m   [0;1mSELECT * FROM `conferences` WHERE (`conferences`.`id` = 1) [0m
  [4;35;1mConferenceUser Load (0.1ms)[0m   [0mSELECT `conference_users`.* FROM `conference_users` WHERE (`conference_users`.conference_id = 1) [0m
Rendering conferences/show
Completed in 34ms (View: 1, DB: 3) | 200 OK [http://localhost/conferences/1]
  [4;36;1mSQL (0.1ms)[0m   [0;1mSET SQL_AUTO_IS_NULL=0[0m


Processing ConferencesController#show (for 127.0.0.1 at 2010-04-14 21:13:16) [GET]
  Parameters: {"id"=>"1"}
  [4;35;1mUser Columns (1.3ms)[0m   [0mSHOW FIELDS FROM `users`[0m
  [4;36;1mUser Load (0.2ms)[0m   [0;1mSELECT * FROM `users` WHERE (`users`.`id` = 1) LIMIT 1[0m
  [4;35;1mConferenceUser Columns (1.3ms)[0m   [0mSHOW FIELDS FROM `conference_users`[0m
  [4;36;1mConferenceUser Load (0.1ms)[0m   [0;1mSELECT * FROM `conference_users` WHERE (`conference_users`.`conference_id` = '1') AND (`conference_users`.user_id = 1) LIMIT 1[0m
  [4;35;1mConference Columns (1.1ms)[0m   [0mSHOW FIELDS FROM `conferences`[0m
  [4;36;1mConference Load (0.2ms)[0m   [0;1mSELECT * FROM `conferences` WHERE (`conferences`.`id` = 1) [0m
  [4;35;1mConferenceUser Load (0.2ms)[0m   [0mSELECT `conference_users`.* FROM `conference_users` WHERE (`conference_users`.conference_id = 1) [0m
Rendering conferences/show
Completed in 58ms (View: 1, DB: 4) | 200 OK [http://localhost/conferences/1]
  [4;36;1mSQL (0.1ms)[0m   [0;1mSET SQL_AUTO_IS_NULL=0[0m


Processing ConferencesController#show (for 127.0.0.1 at 2010-04-14 21:13:16) [GET]
  Parameters: {"id"=>"1"}
  [4;35;1mUser Columns (1.3ms)[0m   [0mSHOW FIELDS FROM `users`[0m
  [4;36;1mUser Load (0.1ms)[0m   [0;1mSELECT * FROM `users` WHERE (`users`.`id` = 1) LIMIT 1[0m
  [4;35;1mConferenceUser Columns (1.2ms)[0m   [0mSHOW FIELDS FROM `conference_users`[0m
  [4;36;1mConferenceUser Load (0.1ms)[0m   [0;1mSELECT * FROM `conference_users` WHERE (`conference_users`.`conference_id` = '1') AND (`conference_users`.user_id = 1) LIMIT 1[0m
  [4;35;1mConference Columns (0.7ms)[0m   [0mSHOW FIELDS FROM `conferences`[0m
  [4;36;1mConference Load (0.1ms)[0m   [0;1mSELECT * FROM `conferences` WHERE (`conferences`.`id` = 1) [0m
  [4;35;1mConferenceUser Load (0.1ms)[0m   [0mSELECT `conference_users`.* FROM `conference_users` WHERE (`conference_users`.conference_id = 1) [0m
Rendering conferences/show
Completed in 45ms (View: 1, DB: 4) | 200 OK [http://localhost/conferences/1]
  [4;36;1mSQL (0.1ms)[0m   [0;1mSET SQL_AUTO_IS_NULL=0[0m


Processing ConferencesController#show (for 127.0.0.1 at 2010-04-14 21:18:37) [GET]
  Parameters: {"id"=>"1"}
  [4;35;1mUser Columns (0.9ms)[0m   [0mSHOW FIELDS FROM `users`[0m
  [4;36;1mUser Load (0.1ms)[0m   [0;1mSELECT * FROM `users` WHERE (`users`.`id` = 1) LIMIT 1[0m
  [4;35;1mConferenceUser Columns (0.8ms)[0m   [0mSHOW FIELDS FROM `conference_users`[0m
  [4;36;1mConferenceUser Load (0.1ms)[0m   [0;1mSELECT * FROM `conference_users` WHERE (`conference_users`.`conference_id` = '1') AND (`conference_users`.user_id = 1) LIMIT 1[0m
  [4;35;1mConference Columns (0.6ms)[0m   [0mSHOW FIELDS FROM `conferences`[0m
  [4;36;1mConference Load (0.1ms)[0m   [0;1mSELECT * FROM `conferences` WHERE (`conferences`.`id` = 1) [0m
  [4;35;1mConferenceUser Load (0.1ms)[0m   [0mSELECT `conference_users`.* FROM `conference_users` WHERE (`conference_users`.conference_id = 1) [0m
Rendering conferences/show
Completed in 42ms (View: 4, DB: 3) | 200 OK [http://localhost/conferences/1]
  [4;36;1mSQL (0.1ms)[0m   [0;1mSET SQL_AUTO_IS_NULL=0[0m


Processing ConferencesController#show (for 127.0.0.1 at 2010-04-14 21:19:27) [GET]
  Parameters: {"id"=>"1"}
  [4;35;1mUser Columns (1.2ms)[0m   [0mSHOW FIELDS FROM `users`[0m
  [4;36;1mUser Load (0.1ms)[0m   [0;1mSELECT * FROM `users` WHERE (`users`.`id` = 1) LIMIT 1[0m
  [4;35;1mConferenceUser Columns (1.2ms)[0m   [0mSHOW FIELDS FROM `conference_users`[0m
  [4;36;1mConferenceUser Load (0.1ms)[0m   [0;1mSELECT * FROM `conference_users` WHERE (`conference_users`.`conference_id` = '1') AND (`conference_users`.user_id = 1) LIMIT 1[0m
  [4;35;1mConference Columns (1.0ms)[0m   [0mSHOW FIELDS FROM `conferences`[0m
  [4;36;1mConference Load (0.1ms)[0m   [0;1mSELECT * FROM `conferences` WHERE (`conferences`.`id` = 1) [0m
  [4;35;1mConferenceUser Load (0.1ms)[0m   [0mSELECT `conference_users`.* FROM `conference_users` WHERE (`conference_users`.conference_id = 1) [0m
Rendering conferences/show
Completed in 63ms (View: 7, DB: 4) | 200 OK [http://localhost/conferences/1]
  [4;36;1mSQL (0.1ms)[0m   [0;1mSET SQL_AUTO_IS_NULL=0[0m


Processing ConferencesController#show (for 127.0.0.1 at 2010-04-14 21:19:40) [GET]
  Parameters: {"id"=>"1"}
  [4;35;1mUser Columns (1.4ms)[0m   [0mSHOW FIELDS FROM `users`[0m
  [4;36;1mUser Load (0.1ms)[0m   [0;1mSELECT * FROM `users` WHERE (`users`.`id` = 1) LIMIT 1[0m
  [4;35;1mConferenceUser Columns (1.6ms)[0m   [0mSHOW FIELDS FROM `conference_users`[0m
  [4;36;1mConferenceUser Load (0.1ms)[0m   [0;1mSELECT * FROM `conference_users` WHERE (`conference_users`.`conference_id` = '1') AND (`conference_users`.user_id = 1) LIMIT 1[0m
  [4;35;1mConference Columns (1.0ms)[0m   [0mSHOW FIELDS FROM `conferences`[0m
  [4;36;1mConference Load (0.1ms)[0m   [0;1mSELECT * FROM `conferences` WHERE (`conferences`.`id` = 1) [0m
  [4;35;1mConferenceUser Load (0.1ms)[0m   [0mSELECT `conference_users`.* FROM `conference_users` WHERE (`conference_users`.conference_id = 1) [0m
Rendering conferences/show
Completed in 61ms (View: 7, DB: 5) | 200 OK [http://localhost/conferences/1]
  [4;36;1mSQL (0.1ms)[0m   [0;1mSET SQL_AUTO_IS_NULL=0[0m


Processing ConferencesController#show (for 127.0.0.1 at 2010-04-14 21:21:42) [GET]
  Parameters: {"id"=>"1"}
  [4;35;1mUser Columns (1.4ms)[0m   [0mSHOW FIELDS FROM `users`[0m
  [4;36;1mUser Load (0.1ms)[0m   [0;1mSELECT * FROM `users` WHERE (`users`.`id` = 1) LIMIT 1[0m
  [4;35;1mConferenceUser Columns (1.2ms)[0m   [0mSHOW FIELDS FROM `conference_users`[0m
  [4;36;1mConferenceUser Load (0.1ms)[0m   [0;1mSELECT * FROM `conference_users` WHERE (`conference_users`.`conference_id` = '1') AND (`conference_users`.user_id = 1) LIMIT 1[0m
  [4;35;1mConference Columns (0.7ms)[0m   [0mSHOW FIELDS FROM `conferences`[0m
  [4;36;1mConference Load (0.1ms)[0m   [0;1mSELECT * FROM `conferences` WHERE (`conferences`.`id` = 1) [0m
  [4;35;1mConferenceUser Load (0.1ms)[0m   [0mSELECT `conference_users`.* FROM `conference_users` WHERE (`conference_users`.conference_id = 1) [0m
Rendering template within layouts/conferences
Rendering conferences/show
Rendered shared/_stylesheet_includes (0.9ms)
Rendered shared/_javascript_includes (1.7ms)
Completed in 119ms (View: 16, DB: 4) | 200 OK [http://localhost/conferences/1]
  [4;36;1mSQL (0.1ms)[0m   [0;1mSET SQL_AUTO_IS_NULL=0[0m


Processing ConferencesController#show (for 127.0.0.1 at 2010-04-14 21:23:36) [GET]
  Parameters: {"id"=>"1"}
  [4;35;1mUser Columns (1.2ms)[0m   [0mSHOW FIELDS FROM `users`[0m
  [4;36;1mUser Load (0.1ms)[0m   [0;1mSELECT * FROM `users` WHERE (`users`.`id` = 1) LIMIT 1[0m
  [4;35;1mConferenceUser Columns (1.2ms)[0m   [0mSHOW FIELDS FROM `conference_users`[0m
  [4;36;1mConferenceUser Load (0.1ms)[0m   [0;1mSELECT * FROM `conference_users` WHERE (`conference_users`.`conference_id` = '1') AND (`conference_users`.user_id = 1) LIMIT 1[0m
  [4;35;1mConference Columns (1.0ms)[0m   [0mSHOW FIELDS FROM `conferences`[0m
  [4;36;1mConference Load (0.1ms)[0m   [0;1mSELECT * FROM `conferences` WHERE (`conferences`.`id` = 1) [0m
  [4;35;1mConferenceUser Load (0.1ms)[0m   [0mSELECT `conference_users`.* FROM `conference_users` WHERE (`conference_users`.conference_id = 1) [0m
Rendering template within layouts/conferences
Rendering conferences/show
Rendered shared/_stylesheet_includes (0.9ms)
Rendered shared/_javascript_includes (3.0ms)
Completed in 68ms (View: 13, DB: 4) | 200 OK [http://localhost/conferences/1]
  [4;36;1mSQL (0.1ms)[0m   [0;1mSET SQL_AUTO_IS_NULL=0[0m


Processing ConferencesController#show (for 127.0.0.1 at 2010-04-14 21:23:51) [GET]
  Parameters: {"id"=>"1"}
  [4;35;1mUser Columns (1.4ms)[0m   [0mSHOW FIELDS FROM `users`[0m
  [4;36;1mUser Load (0.1ms)[0m   [0;1mSELECT * FROM `users` WHERE (`users`.`id` = 1) LIMIT 1[0m
  [4;35;1mConferenceUser Columns (1.2ms)[0m   [0mSHOW FIELDS FROM `conference_users`[0m
  [4;36;1mConferenceUser Load (0.1ms)[0m   [0;1mSELECT * FROM `conference_users` WHERE (`conference_users`.`conference_id` = '1') AND (`conference_users`.user_id = 1) LIMIT 1[0m
  [4;35;1mConference Columns (1.0ms)[0m   [0mSHOW FIELDS FROM `conferences`[0m
  [4;36;1mConference Load (0.1ms)[0m   [0;1mSELECT * FROM `conferences` WHERE (`conferences`.`id` = 1) [0m
  [4;35;1mConferenceUser Load (0.1ms)[0m   [0mSELECT `conference_users`.* FROM `conference_users` WHERE (`conference_users`.conference_id = 1) [0m
Rendering template within layouts/conferences
Rendering conferences/show
Rendered shared/_stylesheet_includes (0.9ms)
Rendered shared/_javascript_includes (3.2ms)
Completed in 66ms (View: 13, DB: 4) | 200 OK [http://localhost/conferences/1]
  [4;36;1mSQL (0.1ms)[0m   [0;1mSET SQL_AUTO_IS_NULL=0[0m


Processing ConferencesController#show (for 127.0.0.1 at 2010-04-14 21:24:17) [GET]
  Parameters: {"id"=>"1"}
  [4;35;1mUser Columns (1.4ms)[0m   [0mSHOW FIELDS FROM `users`[0m
  [4;36;1mUser Load (0.1ms)[0m   [0;1mSELECT * FROM `users` WHERE (`users`.`id` = 1) LIMIT 1[0m
  [4;35;1mConferenceUser Columns (1.8ms)[0m   [0mSHOW FIELDS FROM `conference_users`[0m
  [4;36;1mConferenceUser Load (0.1ms)[0m   [0;1mSELECT * FROM `conference_users` WHERE (`conference_users`.`conference_id` = '1') AND (`conference_users`.user_id = 1) LIMIT 1[0m
  [4;35;1mConference Columns (0.9ms)[0m   [0mSHOW FIELDS FROM `conferences`[0m
  [4;36;1mConference Load (0.1ms)[0m   [0;1mSELECT * FROM `conferences` WHERE (`conferences`.`id` = 1) [0m
  [4;35;1mConferenceUser Load (0.1ms)[0m   [0mSELECT `conference_users`.* FROM `conference_users` WHERE (`conference_users`.conference_id = 1) [0m
Rendering template within layouts/conferences
Rendering conferences/show
Rendered shared/_stylesheet_includes (0.9ms)
Rendered shared/_javascript_includes (3.2ms)
Completed in 151ms (View: 14, DB: 5) | 200 OK [http://localhost/conferences/1]
  [4;36;1mSQL (0.1ms)[0m   [0;1mSET SQL_AUTO_IS_NULL=0[0m


Processing ConferencesController#show (for 127.0.0.1 at 2010-04-14 21:24:30) [GET]
  Parameters: {"id"=>"1"}
  [4;35;1mUser Columns (0.9ms)[0m   [0mSHOW FIELDS FROM `users`[0m
  [4;36;1mUser Load (0.1ms)[0m   [0;1mSELECT * FROM `users` WHERE (`users`.`id` = 1) LIMIT 1[0m
  [4;35;1mConferenceUser Columns (1.3ms)[0m   [0mSHOW FIELDS FROM `conference_users`[0m
  [4;36;1mConferenceUser Load (0.1ms)[0m   [0;1mSELECT * FROM `conference_users` WHERE (`conference_users`.`conference_id` = '1') AND (`conference_users`.user_id = 1) LIMIT 1[0m
  [4;35;1mConference Columns (1.0ms)[0m   [0mSHOW FIELDS FROM `conferences`[0m
  [4;36;1mConference Load (0.1ms)[0m   [0;1mSELECT * FROM `conferences` WHERE (`conferences`.`id` = 1) [0m
  [4;35;1mConferenceUser Load (0.1ms)[0m   [0mSELECT `conference_users`.* FROM `conference_users` WHERE (`conference_users`.conference_id = 1) [0m
Rendering template within layouts/conferences
Rendering conferences/show
Rendered shared/_stylesheet_includes (1.0ms)
Rendered shared/_javascript_includes (3.1ms)
Completed in 52ms (View: 7, DB: 4) | 200 OK [http://localhost/conferences/1]
  [4;36;1mSQL (0.1ms)[0m   [0;1mSET SQL_AUTO_IS_NULL=0[0m


Processing ConferencesController#show (for 127.0.0.1 at 2010-04-14 21:24:35) [GET]
  Parameters: {"id"=>"1"}
  [4;35;1mUser Columns (1.0ms)[0m   [0mSHOW FIELDS FROM `users`[0m
  [4;36;1mUser Load (0.2ms)[0m   [0;1mSELECT * FROM `users` WHERE (`users`.`id` = 1) LIMIT 1[0m
  [4;35;1mConferenceUser Columns (0.9ms)[0m   [0mSHOW FIELDS FROM `conference_users`[0m
  [4;36;1mConferenceUser Load (0.1ms)[0m   [0;1mSELECT * FROM `conference_users` WHERE (`conference_users`.`conference_id` = '1') AND (`conference_users`.user_id = 1) LIMIT 1[0m
  [4;35;1mConference Columns (0.7ms)[0m   [0mSHOW FIELDS FROM `conferences`[0m
  [4;36;1mConference Load (0.1ms)[0m   [0;1mSELECT * FROM `conferences` WHERE (`conferences`.`id` = 1) [0m
  [4;35;1mConferenceUser Load (0.1ms)[0m   [0mSELECT `conference_users`.* FROM `conference_users` WHERE (`conference_users`.conference_id = 1) [0m
Rendering template within layouts/conferences
Rendering conferences/show
Rendered shared/_stylesheet_includes (0.5ms)
Rendered shared/_javascript_includes (1.7ms)
Completed in 38ms (View: 4, DB: 3) | 200 OK [http://localhost/conferences/1]
  [4;36;1mSQL (0.1ms)[0m   [0;1mSET SQL_AUTO_IS_NULL=0[0m


Processing ConferencesController#show (for 127.0.0.1 at 2010-04-14 21:24:55) [GET]
  Parameters: {"id"=>"1"}
  [4;35;1mUser Columns (1.3ms)[0m   [0mSHOW FIELDS FROM `users`[0m
  [4;36;1mUser Load (0.1ms)[0m   [0;1mSELECT * FROM `users` WHERE (`users`.`id` = 1) LIMIT 1[0m
  [4;35;1mConferenceUser Columns (1.2ms)[0m   [0mSHOW FIELDS FROM `conference_users`[0m
  [4;36;1mConferenceUser Load (0.1ms)[0m   [0;1mSELECT * FROM `conference_users` WHERE (`conference_users`.`conference_id` = '1') AND (`conference_users`.user_id = 1) LIMIT 1[0m
  [4;35;1mConference Columns (1.0ms)[0m   [0mSHOW FIELDS FROM `conferences`[0m
  [4;36;1mConference Load (0.1ms)[0m   [0;1mSELECT * FROM `conferences` WHERE (`conferences`.`id` = 1) [0m
  [4;35;1mConferenceUser Load (0.1ms)[0m   [0mSELECT `conference_users`.* FROM `conference_users` WHERE (`conference_users`.conference_id = 1) [0m
Rendering template within layouts/conferences
Rendering conferences/show
Rendered shared/_stylesheet_includes (0.9ms)
Rendered shared/_javascript_includes (3.0ms)
Completed in 61ms (View: 6, DB: 4) | 200 OK [http://localhost/conferences/1]
  [4;36;1mSQL (0.1ms)[0m   [0;1mSET SQL_AUTO_IS_NULL=0[0m


Processing ConferencesController#show (for 127.0.0.1 at 2010-04-14 21:26:08) [GET]
  Parameters: {"id"=>"1"}
  [4;35;1mUser Columns (1.4ms)[0m   [0mSHOW FIELDS FROM `users`[0m
  [4;36;1mUser Load (0.1ms)[0m   [0;1mSELECT * FROM `users` WHERE (`users`.`id` = 1) LIMIT 1[0m
  [4;35;1mConferenceUser Columns (1.2ms)[0m   [0mSHOW FIELDS FROM `conference_users`[0m
  [4;36;1mConferenceUser Load (0.1ms)[0m   [0;1mSELECT * FROM `conference_users` WHERE (`conference_users`.`conference_id` = '1') AND (`conference_users`.user_id = 1) LIMIT 1[0m
  [4;35;1mConference Columns (1.0ms)[0m   [0mSHOW FIELDS FROM `conferences`[0m
  [4;36;1mConference Load (0.1ms)[0m   [0;1mSELECT * FROM `conferences` WHERE (`conferences`.`id` = 1) [0m
  [4;35;1mConferenceUser Load (0.1ms)[0m   [0mSELECT `conference_users`.* FROM `conference_users` WHERE (`conference_users`.conference_id = 1) [0m
Rendering template within layouts/conferences
Rendering conferences/show
Rendered shared/_stylesheet_includes (0.9ms)
Rendered shared/_javascript_includes (3.1ms)
Completed in 71ms (View: 13, DB: 4) | 200 OK [http://localhost/conferences/1]
  [4;36;1mSQL (0.1ms)[0m   [0;1mSET SQL_AUTO_IS_NULL=0[0m


Processing ConferencesController#show (for 127.0.0.1 at 2010-04-14 21:29:20) [GET]
  Parameters: {"id"=>"1"}
  [4;35;1mUser Columns (1.4ms)[0m   [0mSHOW FIELDS FROM `users`[0m
  [4;36;1mUser Load (0.1ms)[0m   [0;1mSELECT * FROM `users` WHERE (`users`.`id` = 1) LIMIT 1[0m
  [4;35;1mConferenceUser Columns (0.8ms)[0m   [0mSHOW FIELDS FROM `conference_users`[0m
  [4;36;1mConferenceUser Load (0.1ms)[0m   [0;1mSELECT * FROM `conference_users` WHERE (`conference_users`.`conference_id` = '1') AND (`conference_users`.user_id = 1) LIMIT 1[0m
  [4;35;1mConference Columns (0.6ms)[0m   [0mSHOW FIELDS FROM `conferences`[0m
  [4;36;1mConference Load (0.1ms)[0m   [0;1mSELECT * FROM `conferences` WHERE (`conferences`.`id` = 1) [0m
  [4;35;1mConferenceUser Load (0.1ms)[0m   [0mSELECT `conference_users`.* FROM `conference_users` WHERE (`conference_users`.conference_id = 1) [0m
Rendering template within layouts/conferences
Rendering conferences/show
Rendered conferences/_messages_list (0.4ms)
Rendered conferences/_message_input (0.4ms)
Rendered shared/_stylesheet_includes (0.5ms)
Rendered shared/_javascript_includes (1.7ms)
Completed in 60ms (View: 18, DB: 3) | 200 OK [http://localhost/conferences/1]
  [4;36;1mSQL (0.1ms)[0m   [0;1mSET SQL_AUTO_IS_NULL=0[0m


Processing ConferencesController#show (for 127.0.0.1 at 2010-04-14 21:31:03) [GET]
  Parameters: {"id"=>"1"}
  [4;35;1mUser Columns (1.4ms)[0m   [0mSHOW FIELDS FROM `users`[0m
  [4;36;1mUser Load (0.1ms)[0m   [0;1mSELECT * FROM `users` WHERE (`users`.`id` = 1) LIMIT 1[0m
  [4;35;1mConferenceUser Columns (1.2ms)[0m   [0mSHOW FIELDS FROM `conference_users`[0m
  [4;36;1mConferenceUser Load (0.1ms)[0m   [0;1mSELECT * FROM `conference_users` WHERE (`conference_users`.`conference_id` = '1') AND (`conference_users`.user_id = 1) LIMIT 1[0m
  [4;35;1mConference Columns (1.0ms)[0m   [0mSHOW FIELDS FROM `conferences`[0m
  [4;36;1mConference Load (0.1ms)[0m   [0;1mSELECT * FROM `conferences` WHERE (`conferences`.`id` = 1) [0m
  [4;35;1mConferenceUser Load (0.1ms)[0m   [0mSELECT `conference_users`.* FROM `conference_users` WHERE (`conference_users`.conference_id = 1) [0m
Rendering template within layouts/conferences
Rendering conferences/show
Rendered conferences/_messages_list (0.2ms)
Rendered conferences/_message_input (0.1ms)
Rendered shared/_stylesheet_includes (0.5ms)
Rendered shared/_javascript_includes (1.7ms)
Completed in 59ms (View: 5, DB: 4) | 200 OK [http://localhost/conferences/1]
  [4;36;1mSQL (0.1ms)[0m   [0;1mSET SQL_AUTO_IS_NULL=0[0m


Processing MainController#index (for 127.0.0.1 at 2010-04-14 21:32:48) [GET]
  [4;35;1mUser Columns (1.3ms)[0m   [0mSHOW FIELDS FROM `users`[0m
  [4;36;1mUser Load (0.1ms)[0m   [0;1mSELECT * FROM `users` WHERE (`users`.`id` = 1) LIMIT 1[0m
Rendering template within layouts/application
Rendering main/index
  [4;35;1mSQL (0.2ms)[0m   [0mSELECT count(*) AS count_all FROM `users` INNER JOIN `contacts` ON `users`.id = `contacts`.friend_id WHERE ((`contacts`.user_id = 1)) [0m
  [4;36;1mCACHE (0.0ms)[0m   [0;1mSELECT count(*) AS count_all FROM `users` INNER JOIN `contacts` ON `users`.id = `contacts`.friend_id WHERE ((`contacts`.user_id = 1)) [0m
  [4;35;1mContact Load (0.1ms)[0m   [0mSELECT * FROM `contacts` WHERE (`contacts`.user_id = 1) ORDER BY status asc, initiator asc, created_at asc[0m
  [4;36;1mContact Columns (1.0ms)[0m   [0;1mSHOW FIELDS FROM `contacts`[0m
  [4;35;1mUser Load (0.1ms)[0m   [0mSELECT * FROM `users` WHERE (`users`.`id` = 2) [0m
Rendered shared/_stylesheet_includes (0.9ms)
Rendered shared/_header (1.1ms)
Rendered shared/_javascript_includes (3.2ms)
Completed in 54ms (View: 28, DB: 3) | 200 OK [http://localhost/]
  [4;36;1mSQL (0.1ms)[0m   [0;1mSET SQL_AUTO_IS_NULL=0[0m


Processing MainController#index (for 127.0.0.1 at 2010-04-14 21:33:14) [GET]
  [4;35;1mUser Columns (1.4ms)[0m   [0mSHOW FIELDS FROM `users`[0m
  [4;36;1mUser Load (0.2ms)[0m   [0;1mSELECT * FROM `users` WHERE (`users`.`id` = 1) LIMIT 1[0m
Rendering template within layouts/application
Rendering main/index
  [4;35;1mSQL (0.2ms)[0m   [0mSELECT count(*) AS count_all FROM `users` INNER JOIN `contacts` ON `users`.id = `contacts`.friend_id WHERE ((`contacts`.user_id = 1)) [0m
  [4;36;1mCACHE (0.0ms)[0m   [0;1mSELECT count(*) AS count_all FROM `users` INNER JOIN `contacts` ON `users`.id = `contacts`.friend_id WHERE ((`contacts`.user_id = 1)) [0m
  [4;35;1mContact Load (0.1ms)[0m   [0mSELECT * FROM `contacts` WHERE (`contacts`.user_id = 1) ORDER BY status asc, initiator asc, created_at asc[0m
  [4;36;1mContact Columns (1.1ms)[0m   [0;1mSHOW FIELDS FROM `contacts`[0m
  [4;35;1mUser Load (0.3ms)[0m   [0mSELECT * FROM `users` WHERE (`users`.`id` = 2) [0m
Rendered shared/_stylesheet_includes (0.9ms)
Rendered shared/_header (1.1ms)
Rendered shared/_javascript_includes (3.1ms)
Completed in 56ms (View: 29, DB: 3) | 200 OK [http://localhost/]
  [4;36;1mSQL (0.1ms)[0m   [0;1mSET SQL_AUTO_IS_NULL=0[0m


Processing MainController#index (for 127.0.0.1 at 2010-04-14 21:33:39) [GET]
  [4;35;1mUser Columns (1.4ms)[0m   [0mSHOW FIELDS FROM `users`[0m
  [4;36;1mUser Load (0.1ms)[0m   [0;1mSELECT * FROM `users` WHERE (`users`.`id` = 1) LIMIT 1[0m
Rendering template within layouts/application
Rendering main/index
  [4;35;1mSQL (0.2ms)[0m   [0mSELECT count(*) AS count_all FROM `users` INNER JOIN `contacts` ON `users`.id = `contacts`.friend_id WHERE ((`contacts`.user_id = 1)) [0m
  [4;36;1mCACHE (0.0ms)[0m   [0;1mSELECT count(*) AS count_all FROM `users` INNER JOIN `contacts` ON `users`.id = `contacts`.friend_id WHERE ((`contacts`.user_id = 1)) [0m
  [4;35;1mContact Load (0.1ms)[0m   [0mSELECT * FROM `contacts` WHERE (`contacts`.user_id = 1) ORDER BY status asc, initiator asc, created_at asc[0m
  [4;36;1mContact Columns (1.1ms)[0m   [0;1mSHOW FIELDS FROM `contacts`[0m
  [4;35;1mUser Load (0.1ms)[0m   [0mSELECT * FROM `users` WHERE (`users`.`id` = 2) [0m
Rendered shared/_stylesheet_includes (0.9ms)
Rendered shared/_header (1.1ms)
Rendered shared/_javascript_includes (3.3ms)
Completed in 54ms (View: 28, DB: 3) | 200 OK [http://localhost/]
  [4;36;1mSQL (0.1ms)[0m   [0;1mSET SQL_AUTO_IS_NULL=0[0m


Processing MainController#index (for 127.0.0.1 at 2010-04-14 21:33:50) [GET]
  [4;35;1mUser Columns (1.2ms)[0m   [0mSHOW FIELDS FROM `users`[0m
  [4;36;1mUser Load (0.2ms)[0m   [0;1mSELECT * FROM `users` WHERE (`users`.`id` = 1) LIMIT 1[0m
Rendering template within layouts/application
Rendering main/index
  [4;35;1mSQL (0.2ms)[0m   [0mSELECT count(*) AS count_all FROM `users` INNER JOIN `contacts` ON `users`.id = `contacts`.friend_id WHERE ((`contacts`.user_id = 1)) [0m
  [4;36;1mCACHE (0.0ms)[0m   [0;1mSELECT count(*) AS count_all FROM `users` INNER JOIN `contacts` ON `users`.id = `contacts`.friend_id WHERE ((`contacts`.user_id = 1)) [0m
  [4;35;1mContact Load (0.1ms)[0m   [0mSELECT * FROM `contacts` WHERE (`contacts`.user_id = 1) ORDER BY status asc, initiator asc, created_at asc[0m
  [4;36;1mContact Columns (1.1ms)[0m   [0;1mSHOW FIELDS FROM `contacts`[0m
  [4;35;1mUser Load (0.1ms)[0m   [0mSELECT * FROM `users` WHERE (`users`.`id` = 2) [0m
Rendered shared/_stylesheet_includes (0.9ms)
Rendered shared/_header (1.1ms)
Rendered shared/_javascript_includes (3.0ms)
Completed in 52ms (View: 27, DB: 3) | 200 OK [http://localhost/]
  [4;36;1mSQL (0.1ms)[0m   [0;1mSET SQL_AUTO_IS_NULL=0[0m


Processing MainController#index (for 127.0.0.1 at 2010-04-14 21:33:56) [GET]
  [4;35;1mUser Columns (1.4ms)[0m   [0mSHOW FIELDS FROM `users`[0m
  [4;36;1mUser Load (0.1ms)[0m   [0;1mSELECT * FROM `users` WHERE (`users`.`id` = 1) LIMIT 1[0m
Rendering template within layouts/application
Rendering main/index
  [4;35;1mSQL (0.2ms)[0m   [0mSELECT count(*) AS count_all FROM `users` INNER JOIN `contacts` ON `users`.id = `contacts`.friend_id WHERE ((`contacts`.user_id = 1)) [0m
  [4;36;1mCACHE (0.0ms)[0m   [0;1mSELECT count(*) AS count_all FROM `users` INNER JOIN `contacts` ON `users`.id = `contacts`.friend_id WHERE ((`contacts`.user_id = 1)) [0m
  [4;35;1mContact Load (0.1ms)[0m   [0mSELECT * FROM `contacts` WHERE (`contacts`.user_id = 1) ORDER BY status asc, initiator asc, created_at asc[0m
  [4;36;1mContact Columns (1.1ms)[0m   [0;1mSHOW FIELDS FROM `contacts`[0m
  [4;35;1mUser Load (0.1ms)[0m   [0mSELECT * FROM `users` WHERE (`users`.`id` = 2) [0m
Rendered shared/_stylesheet_includes (0.9ms)
Rendered shared/_header (1.2ms)
Rendered shared/_javascript_includes (3.1ms)
Completed in 54ms (View: 28, DB: 3) | 200 OK [http://localhost/]
  [4;36;1mSQL (0.1ms)[0m   [0;1mSET SQL_AUTO_IS_NULL=0[0m


Processing MainController#index (for 127.0.0.1 at 2010-04-14 21:34:04) [GET]
  [4;35;1mUser Columns (1.4ms)[0m   [0mSHOW FIELDS FROM `users`[0m
  [4;36;1mUser Load (0.2ms)[0m   [0;1mSELECT * FROM `users` WHERE (`users`.`id` = 1) LIMIT 1[0m
Rendering template within layouts/application
Rendering main/index
  [4;35;1mSQL (0.2ms)[0m   [0mSELECT count(*) AS count_all FROM `users` INNER JOIN `contacts` ON `users`.id = `contacts`.friend_id WHERE ((`contacts`.user_id = 1)) [0m
  [4;36;1mCACHE (0.0ms)[0m   [0;1mSELECT count(*) AS count_all FROM `users` INNER JOIN `contacts` ON `users`.id = `contacts`.friend_id WHERE ((`contacts`.user_id = 1)) [0m
  [4;35;1mContact Load (0.2ms)[0m   [0mSELECT * FROM `contacts` WHERE (`contacts`.user_id = 1) ORDER BY status asc, initiator asc, created_at asc[0m
  [4;36;1mContact Columns (1.2ms)[0m   [0;1mSHOW FIELDS FROM `contacts`[0m
  [4;35;1mUser Load (0.1ms)[0m   [0mSELECT * FROM `users` WHERE (`users`.`id` = 2) [0m
Rendered shared/_stylesheet_includes (0.9ms)
Rendered shared/_header (1.2ms)
Rendered shared/_javascript_includes (3.2ms)
Completed in 54ms (View: 29, DB: 3) | 200 OK [http://localhost/]
  [4;36;1mSQL (0.1ms)[0m   [0;1mSET SQL_AUTO_IS_NULL=0[0m


Processing ConferencesController#show (for 127.0.0.1 at 2010-04-14 21:34:30) [GET]
  Parameters: {"id"=>"1"}
  [4;35;1mUser Columns (1.4ms)[0m   [0mSHOW FIELDS FROM `users`[0m
  [4;36;1mUser Load (0.1ms)[0m   [0;1mSELECT * FROM `users` WHERE (`users`.`id` = 1) LIMIT 1[0m
  [4;35;1mConferenceUser Columns (1.2ms)[0m   [0mSHOW FIELDS FROM `conference_users`[0m
  [4;36;1mConferenceUser Load (0.1ms)[0m   [0;1mSELECT * FROM `conference_users` WHERE (`conference_users`.`conference_id` = '1') AND (`conference_users`.user_id = 1) LIMIT 1[0m
  [4;35;1mConference Columns (0.6ms)[0m   [0mSHOW FIELDS FROM `conferences`[0m
  [4;36;1mConference Load (0.1ms)[0m   [0;1mSELECT * FROM `conferences` WHERE (`conferences`.`id` = 1) [0m
  [4;35;1mConferenceUser Load (0.1ms)[0m   [0mSELECT `conference_users`.* FROM `conference_users` WHERE (`conference_users`.conference_id = 1) [0m
Rendering template within layouts/conferences
Rendering conferences/show
Rendered conferences/_messages_list (0.1ms)
Rendered conferences/_message_input (0.1ms)
Rendered shared/_stylesheet_includes (0.5ms)
Rendered shared/_javascript_includes (1.7ms)
Completed in 46ms (View: 4, DB: 4) | 200 OK [http://localhost/conferences/1]
  [4;36;1mSQL (0.1ms)[0m   [0;1mSET SQL_AUTO_IS_NULL=0[0m


Processing ConferencesController#show (for 127.0.0.1 at 2010-04-14 21:40:53) [GET]
  Parameters: {"id"=>"1"}
  [4;35;1mUser Columns (1.3ms)[0m   [0mSHOW FIELDS FROM `users`[0m
  [4;36;1mUser Load (0.1ms)[0m   [0;1mSELECT * FROM `users` WHERE (`users`.`id` = 1) LIMIT 1[0m
  [4;35;1mConferenceUser Columns (1.3ms)[0m   [0mSHOW FIELDS FROM `conference_users`[0m
  [4;36;1mConferenceUser Load (0.1ms)[0m   [0;1mSELECT * FROM `conference_users` WHERE (`conference_users`.`conference_id` = '1') AND (`conference_users`.user_id = 1) LIMIT 1[0m
  [4;35;1mConference Columns (0.7ms)[0m   [0mSHOW FIELDS FROM `conferences`[0m
  [4;36;1mConference Load (0.1ms)[0m   [0;1mSELECT * FROM `conferences` WHERE (`conferences`.`id` = 1) [0m
  [4;35;1mConferenceUser Load (0.1ms)[0m   [0mSELECT `conference_users`.* FROM `conference_users` WHERE (`conference_users`.conference_id = 1) [0m
  [4;36;1mMessage Columns (0.7ms)[0m   [0;1mSHOW FIELDS FROM `messages`[0m
Rendering template within layouts/conferences
Rendering conferences/show
Rendered conferences/_messages_list (0.1ms)
ERROR: compiling _run_erb_app47views47conferences47_message_input46html46erb_locals_conference_message_message_input_object RAISED compile error
/home/harish/myp/sourcecode/cdem/app/views/conferences/_message_input.html.erb:1: syntax error, unexpected ':', expecting kEND
...e ;  form_remote_for message :url=>message_conference_path(c...
                              ^
Function body:           def _run_erb_app47views47conferences47_message_input46html46erb_locals_conference_message_message_input_object(local_assigns)
            old_output_buffer = output_buffer;message_input = local_assigns[:message_input];message = local_assigns[:message];conference = local_assigns[:conference];object = local_assigns[:object];;@output_buffer = '';  __in_erb_template=true ;  form_remote_for message :url=>message_conference_path(conference) do |message| ; @output_buffer.concat "\n\t"
; @output_buffer.concat(( message.text_area :text ).to_s); @output_buffer.concat "\n"
;  end ; @output_buffer
          ensure
            self.output_buffer = old_output_buffer
          end
Backtrace: /home/harish/myp/sourcecode/cdem/app/views/conferences/_message_input.html.erb:6:in `compile!'
/usr/lib/ruby/gems/1.8/gems/actionpack-2.3.5/lib/action_view/renderable.rb:61:in `compile'
/usr/lib/ruby/gems/1.8/gems/actionpack-2.3.5/lib/action_view/renderable.rb:28:in `render'
/usr/lib/ruby/gems/1.8/gems/actionpack-2.3.5/lib/action_view/renderable_partial.rb:20:in `render'
/usr/lib/ruby/gems/1.8/gems/actionpack-2.3.5/lib/action_controller/benchmarking.rb:26:in `benchmark'
/usr/lib/ruby/gems/1.8/gems/activesupport-2.3.5/lib/active_support/core_ext/benchmark.rb:17:in `ms'
/usr/lib/ruby/1.8/benchmark.rb:308:in `realtime'
/usr/lib/ruby/gems/1.8/gems/activesupport-2.3.5/lib/active_support/core_ext/benchmark.rb:17:in `ms'
/usr/lib/ruby/gems/1.8/gems/actionpack-2.3.5/lib/action_controller/benchmarking.rb:26:in `benchmark'
/usr/lib/ruby/gems/1.8/gems/actionpack-2.3.5/lib/action_view/renderable_partial.rb:19:in `render'
/usr/lib/ruby/gems/1.8/gems/actionpack-2.3.5/lib/action_view/template.rb:205:in `render_template'
/usr/lib/ruby/gems/1.8/gems/actionpack-2.3.5/lib/action_view/renderable_partial.rb:44:in `render_partial'
/usr/lib/ruby/gems/1.8/gems/actionpack-2.3.5/lib/action_view/partials.rb:184:in `render_partial'
/usr/lib/ruby/gems/1.8/gems/actionpack-2.3.5/lib/action_view/base.rb:267:in `render'
/home/harish/myp/sourcecode/cdem/app/views/conferences/show.html.erb:9:in `_run_erb_app47views47conferences47show46html46erb'
/usr/lib/ruby/gems/1.8/gems/actionpack-2.3.5/lib/action_view/renderable.rb:34:in `send'
/usr/lib/ruby/gems/1.8/gems/actionpack-2.3.5/lib/action_view/renderable.rb:34:in `render'
/usr/lib/ruby/gems/1.8/gems/actionpack-2.3.5/lib/action_view/base.rb:306:in `with_template'
/usr/lib/ruby/gems/1.8/gems/actionpack-2.3.5/lib/action_view/renderable.rb:30:in `render'
/usr/lib/ruby/gems/1.8/gems/actionpack-2.3.5/lib/action_view/template.rb:205:in `render_template'
/usr/lib/ruby/gems/1.8/gems/actionpack-2.3.5/lib/action_view/base.rb:265:in `render'
/usr/lib/ruby/gems/1.8/gems/actionpack-2.3.5/lib/action_view/base.rb:348:in `_render_with_layout'
/usr/lib/ruby/gems/1.8/gems/actionpack-2.3.5/lib/action_view/base.rb:262:in `render'
/usr/lib/ruby/gems/1.8/gems/actionpack-2.3.5/lib/action_controller/base.rb:1250:in `render_for_file'
/usr/lib/ruby/gems/1.8/gems/actionpack-2.3.5/lib/action_controller/base.rb:945:in `render_without_benchmark'
/usr/lib/ruby/gems/1.8/gems/actionpack-2.3.5/lib/action_controller/benchmarking.rb:51:in `render'
/usr/lib/ruby/gems/1.8/gems/activesupport-2.3.5/lib/active_support/core_ext/benchmark.rb:17:in `ms'
/usr/lib/ruby/1.8/benchmark.rb:308:in `realtime'
/usr/lib/ruby/gems/1.8/gems/activesupport-2.3.5/lib/active_support/core_ext/benchmark.rb:17:in `ms'
/usr/lib/ruby/gems/1.8/gems/actionpack-2.3.5/lib/action_controller/benchmarking.rb:51:in `render'
/usr/lib/ruby/gems/1.8/gems/actionpack-2.3.5/lib/action_controller/base.rb:1326:in `default_render'
/usr/lib/ruby/gems/1.8/gems/actionpack-2.3.5/lib/action_controller/base.rb:1332:in `perform_action_without_filters'
/usr/lib/ruby/gems/1.8/gems/actionpack-2.3.5/lib/action_controller/filters.rb:617:in `call_filters'
/usr/lib/ruby/gems/1.8/gems/actionpack-2.3.5/lib/action_controller/filters.rb:610:in `perform_action_without_benchmark'
/usr/lib/ruby/gems/1.8/gems/actionpack-2.3.5/lib/action_controller/benchmarking.rb:68:in `perform_action_without_rescue'
/usr/lib/ruby/gems/1.8/gems/activesupport-2.3.5/lib/active_support/core_ext/benchmark.rb:17:in `ms'
/usr/lib/ruby/1.8/benchmark.rb:308:in `realtime'
/usr/lib/ruby/gems/1.8/gems/activesupport-2.3.5/lib/active_support/core_ext/benchmark.rb:17:in `ms'
/usr/lib/ruby/gems/1.8/gems/actionpack-2.3.5/lib/action_controller/benchmarking.rb:68:in `perform_action_without_rescue'
/usr/lib/ruby/gems/1.8/gems/actionpack-2.3.5/lib/action_controller/rescue.rb:160:in `perform_action_without_flash'
/usr/lib/ruby/gems/1.8/gems/actionpack-2.3.5/lib/action_controller/flash.rb:146:in `perform_action'
/usr/lib/ruby/gems/1.8/gems/actionpack-2.3.5/lib/action_controller/base.rb:532:in `send'
/usr/lib/ruby/gems/1.8/gems/actionpack-2.3.5/lib/action_controller/base.rb:532:in `process_without_filters'
/usr/lib/ruby/gems/1.8/gems/actionpack-2.3.5/lib/action_controller/filters.rb:606:in `process'
/usr/lib/ruby/gems/1.8/gems/actionpack-2.3.5/lib/action_controller/base.rb:391:in `process'
/usr/lib/ruby/gems/1.8/gems/actionpack-2.3.5/lib/action_controller/base.rb:386:in `call'
/usr/lib/ruby/gems/1.8/gems/actionpack-2.3.5/lib/action_controller/routing/route_set.rb:437:in `call'
/usr/lib/ruby/gems/1.8/gems/actionpack-2.3.5/lib/action_controller/dispatcher.rb:87:in `dispatch'
/usr/lib/ruby/gems/1.8/gems/actionpack-2.3.5/lib/action_controller/dispatcher.rb:121:in `_call'
/usr/lib/ruby/gems/1.8/gems/actionpack-2.3.5/lib/action_controller/dispatcher.rb:130:in `build_middleware_stack'
/usr/lib/ruby/gems/1.8/gems/activerecord-2.3.5/lib/active_record/query_cache.rb:29:in `call'
/usr/lib/ruby/gems/1.8/gems/activerecord-2.3.5/lib/active_record/query_cache.rb:29:in `call'
/usr/lib/ruby/gems/1.8/gems/activerecord-2.3.5/lib/active_record/connection_adapters/abstract/query_cache.rb:34:in `cache'
/usr/lib/ruby/gems/1.8/gems/activerecord-2.3.5/lib/active_record/query_cache.rb:9:in `cache'
/usr/lib/ruby/gems/1.8/gems/activerecord-2.3.5/lib/active_record/query_cache.rb:28:in `call'
/usr/lib/ruby/gems/1.8/gems/activerecord-2.3.5/lib/active_record/connection_adapters/abstract/connection_pool.rb:361:in `call'
/usr/lib/ruby/gems/1.8/gems/actionpack-2.3.5/lib/action_controller/string_coercion.rb:25:in `call'
/usr/lib/ruby/gems/1.8/gems/rack-1.0.1/lib/rack/head.rb:9:in `call'
/usr/lib/ruby/gems/1.8/gems/rack-1.0.1/lib/rack/methodoverride.rb:24:in `call'
/usr/lib/ruby/gems/1.8/gems/actionpack-2.3.5/lib/action_controller/params_parser.rb:15:in `call'
/usr/lib/ruby/gems/1.8/gems/actionpack-2.3.5/lib/action_controller/session/cookie_store.rb:93:in `call'
/usr/lib/ruby/gems/1.8/gems/actionpack-2.3.5/lib/action_controller/failsafe.rb:26:in `call'
/usr/lib/ruby/gems/1.8/gems/rack-1.0.1/lib/rack/lock.rb:11:in `call'
/usr/lib/ruby/gems/1.8/gems/rack-1.0.1/lib/rack/lock.rb:11:in `synchronize'
/usr/lib/ruby/gems/1.8/gems/rack-1.0.1/lib/rack/lock.rb:11:in `call'
/usr/lib/ruby/gems/1.8/gems/actionpack-2.3.5/lib/action_controller/dispatcher.rb:114:in `call'
/usr/lib/ruby/gems/1.8/gems/actionpack-2.3.5/lib/action_controller/reloader.rb:34:in `run'
/usr/lib/ruby/gems/1.8/gems/actionpack-2.3.5/lib/action_controller/dispatcher.rb:108:in `call'
/usr/lib/ruby/gems/1.8/gems/actionpack-2.3.5/lib/action_controller/cgi_process.rb:44:in `dispatch_cgi'
/usr/lib/ruby/gems/1.8/gems/actionpack-2.3.5/lib/action_controller/dispatcher.rb:101:in `dispatch_cgi'
/usr/lib/ruby/gems/1.8/gems/actionpack-2.3.5/lib/action_controller/dispatcher.rb:27:in `dispatch'
/usr/lib/ruby/gems/1.8/gems/mongrel-1.1.5/bin/../lib/mongrel/rails.rb:76:in `process'
/usr/lib/ruby/gems/1.8/gems/mongrel-1.1.5/bin/../lib/mongrel/rails.rb:74:in `synchronize'
/usr/lib/ruby/gems/1.8/gems/mongrel-1.1.5/bin/../lib/mongrel/rails.rb:74:in `process'
/usr/lib/ruby/gems/1.8/gems/mongrel-1.1.5/bin/../lib/mongrel.rb:159:in `process_client'
/usr/lib/ruby/gems/1.8/gems/mongrel-1.1.5/bin/../lib/mongrel.rb:158:in `each'
/usr/lib/ruby/gems/1.8/gems/mongrel-1.1.5/bin/../lib/mongrel.rb:158:in `process_client'
/usr/lib/ruby/gems/1.8/gems/mongrel-1.1.5/bin/../lib/mongrel.rb:285:in `run'
/usr/lib/ruby/gems/1.8/gems/mongrel-1.1.5/bin/../lib/mongrel.rb:285:in `initialize'
/usr/lib/ruby/gems/1.8/gems/mongrel-1.1.5/bin/../lib/mongrel.rb:285:in `new'
/usr/lib/ruby/gems/1.8/gems/mongrel-1.1.5/bin/../lib/mongrel.rb:285:in `run'
/usr/lib/ruby/gems/1.8/gems/mongrel-1.1.5/bin/../lib/mongrel.rb:268:in `initialize'
/usr/lib/ruby/gems/1.8/gems/mongrel-1.1.5/bin/../lib/mongrel.rb:268:in `new'
/usr/lib/ruby/gems/1.8/gems/mongrel-1.1.5/bin/../lib/mongrel.rb:268:in `run'
/usr/lib/ruby/gems/1.8/gems/mongrel-1.1.5/bin/../lib/mongrel/configurator.rb:282:in `run'
/usr/lib/ruby/gems/1.8/gems/mongrel-1.1.5/bin/../lib/mongrel/configurator.rb:281:in `each'
/usr/lib/ruby/gems/1.8/gems/mongrel-1.1.5/bin/../lib/mongrel/configurator.rb:281:in `run'
/usr/lib/ruby/gems/1.8/gems/mongrel-1.1.5/bin/mongrel_rails:128:in `run'
/usr/lib/ruby/gems/1.8/gems/mongrel-1.1.5/bin/../lib/mongrel/command.rb:212:in `run'
/usr/lib/ruby/gems/1.8/gems/mongrel-1.1.5/bin/mongrel_rails:281
/usr/bin/mongrel_rails:19:in `load'
/usr/bin/mongrel_rails:19

ActionView::TemplateError (compile error
/home/harish/myp/sourcecode/cdem/app/views/conferences/_message_input.html.erb:1: syntax error, unexpected ':', expecting kEND
...e ;  form_remote_for message :url=>message_conference_path(c...
                              ^) on line #1 of app/views/conferences/_message_input.html.erb:
1: <% form_remote_for message :url=>message_conference_path(conference) do |message| %>
2: 	<%= message.text_area :text %>
3: <% end %>

    app/views/conferences/_message_input.html.erb:6:in `compile!'
    app/views/conferences/show.html.erb:9

Rendered rescues/_trace (75.0ms)
Rendered rescues/_request_and_response (1.4ms)
Rendering rescues/layout (internal_server_error)
  [4;35;1mSQL (0.1ms)[0m   [0mSET SQL_AUTO_IS_NULL=0[0m


Processing ConferencesController#show (for 127.0.0.1 at 2010-04-14 21:41:12) [GET]
  Parameters: {"id"=>"1"}
  [4;36;1mUser Columns (1.3ms)[0m   [0;1mSHOW FIELDS FROM `users`[0m
  [4;35;1mUser Load (0.1ms)[0m   [0mSELECT * FROM `users` WHERE (`users`.`id` = 1) LIMIT 1[0m
  [4;36;1mConferenceUser Columns (1.2ms)[0m   [0;1mSHOW FIELDS FROM `conference_users`[0m
  [4;35;1mConferenceUser Load (0.1ms)[0m   [0mSELECT * FROM `conference_users` WHERE (`conference_users`.`conference_id` = '1') AND (`conference_users`.user_id = 1) LIMIT 1[0m
  [4;36;1mConference Columns (1.0ms)[0m   [0;1mSHOW FIELDS FROM `conferences`[0m
  [4;35;1mConference Load (0.1ms)[0m   [0mSELECT * FROM `conferences` WHERE (`conferences`.`id` = 1) [0m
  [4;36;1mConferenceUser Load (0.1ms)[0m   [0;1mSELECT `conference_users`.* FROM `conference_users` WHERE (`conference_users`.conference_id = 1) [0m
  [4;35;1mMessage Columns (1.0ms)[0m   [0mSHOW FIELDS FROM `messages`[0m
Rendering template within layouts/conferences
Rendering conferences/show
Rendered conferences/_messages_list (0.2ms)
  [4;36;1mMessage Load (0.4ms)[0m   [0;1mSELECT * FROM `messages` WHERE (`messages`.conference_id = 1) [0m

ActionView::TemplateError (undefined method `message_conference_path' for #<ActionView::Base:0xb682adf0>) on line #1 of app/views/conferences/_message_input.html.erb:
1: <% form_remote_for message, :url=>message_conference_path(conference) do |message| %>
2: 	<%= message.text_area :text %>
3: <% end %>

    app/views/conferences/_message_input.html.erb:1
    app/views/conferences/show.html.erb:9

Rendered rescues/_trace (58.5ms)
Rendered rescues/_request_and_response (0.3ms)
Rendering rescues/layout (internal_server_error)
  [4;35;1mSQL (0.1ms)[0m   [0mSET SQL_AUTO_IS_NULL=0[0m


Processing ConferencesController#show (for 127.0.0.1 at 2010-04-14 21:42:20) [GET]
  Parameters: {"id"=>"1"}
  [4;36;1mUser Columns (1.2ms)[0m   [0;1mSHOW FIELDS FROM `users`[0m
  [4;35;1mUser Load (0.1ms)[0m   [0mSELECT * FROM `users` WHERE (`users`.`id` = 1) LIMIT 1[0m
  [4;36;1mConferenceUser Columns (1.2ms)[0m   [0;1mSHOW FIELDS FROM `conference_users`[0m
  [4;35;1mConferenceUser Load (0.1ms)[0m   [0mSELECT * FROM `conference_users` WHERE (`conference_users`.`conference_id` = '1') AND (`conference_users`.user_id = 1) LIMIT 1[0m
  [4;36;1mConference Columns (1.0ms)[0m   [0;1mSHOW FIELDS FROM `conferences`[0m
  [4;35;1mConference Load (0.1ms)[0m   [0mSELECT * FROM `conferences` WHERE (`conferences`.`id` = 1) [0m
  [4;36;1mConferenceUser Load (0.1ms)[0m   [0;1mSELECT `conference_users`.* FROM `conference_users` WHERE (`conference_users`.conference_id = 1) [0m
  [4;35;1mMessage Columns (1.0ms)[0m   [0mSHOW FIELDS FROM `messages`[0m
Rendering template within layouts/conferences
Rendering conferences/show
Rendered conferences/_messages_list (0.1ms)
  [4;36;1mMessage Load (0.1ms)[0m   [0;1mSELECT * FROM `messages` WHERE (`messages`.conference_id = 1) [0m

ActionView::TemplateError (undefined method `message_conference_path' for #<ActionView::Base:0xb680e4e8>) on line #1 of app/views/conferences/_message_input.html.erb:
1: <% form_remote_for message, :url=>message_conference_path(conference) do |message| %>
2: 	<%= message.text_area :text %>
3: <% end %>

    app/views/conferences/_message_input.html.erb:1
    app/views/conferences/show.html.erb:9

Rendered rescues/_trace (125.1ms)
Rendered rescues/_request_and_response (0.6ms)
Rendering rescues/layout (internal_server_error)
  [4;35;1mSQL (0.1ms)[0m   [0mSET SQL_AUTO_IS_NULL=0[0m


Processing ConferencesController#show (for 127.0.0.1 at 2010-04-14 21:42:23) [GET]
  Parameters: {"id"=>"1"}
  [4;36;1mUser Columns (1.4ms)[0m   [0;1mSHOW FIELDS FROM `users`[0m
  [4;35;1mUser Load (0.1ms)[0m   [0mSELECT * FROM `users` WHERE (`users`.`id` = 1) LIMIT 1[0m
  [4;36;1mConferenceUser Columns (1.2ms)[0m   [0;1mSHOW FIELDS FROM `conference_users`[0m
  [4;35;1mConferenceUser Load (0.1ms)[0m   [0mSELECT * FROM `conference_users` WHERE (`conference_users`.`conference_id` = '1') AND (`conference_users`.user_id = 1) LIMIT 1[0m
  [4;36;1mConference Columns (1.0ms)[0m   [0;1mSHOW FIELDS FROM `conferences`[0m
  [4;35;1mConference Load (0.3ms)[0m   [0mSELECT * FROM `conferences` WHERE (`conferences`.`id` = 1) [0m
  [4;36;1mConferenceUser Load (0.1ms)[0m   [0;1mSELECT `conference_users`.* FROM `conference_users` WHERE (`conference_users`.conference_id = 1) [0m
  [4;35;1mMessage Columns (1.0ms)[0m   [0mSHOW FIELDS FROM `messages`[0m
Rendering template within layouts/conferences
Rendering conferences/show
Rendered conferences/_messages_list (0.1ms)
  [4;36;1mMessage Load (0.1ms)[0m   [0;1mSELECT * FROM `messages` WHERE (`messages`.conference_id = 1) [0m

ActionView::TemplateError (undefined method `message_conference_path' for #<ActionView::Base:0xb692bdbc>) on line #1 of app/views/conferences/_message_input.html.erb:
1: <% form_remote_for message, :url=>message_conference_path(conference) do |message| %>
2: 	<%= message.text_area :text %>
3: <% end %>

    app/views/conferences/_message_input.html.erb:1
    app/views/conferences/show.html.erb:9

Rendered rescues/_trace (134.6ms)
Rendered rescues/_request_and_response (0.3ms)
Rendering rescues/layout (internal_server_error)
  [4;35;1mSQL (0.2ms)[0m   [0mSET SQL_AUTO_IS_NULL=0[0m


Processing ConferencesController#show (for 127.0.0.1 at 2010-04-14 21:42:24) [GET]
  Parameters: {"id"=>"1"}
  [4;36;1mUser Columns (1.2ms)[0m   [0;1mSHOW FIELDS FROM `users`[0m
  [4;35;1mUser Load (0.1ms)[0m   [0mSELECT * FROM `users` WHERE (`users`.`id` = 1) LIMIT 1[0m
  [4;36;1mConferenceUser Columns (0.8ms)[0m   [0;1mSHOW FIELDS FROM `conference_users`[0m
  [4;35;1mConferenceUser Load (0.1ms)[0m   [0mSELECT * FROM `conference_users` WHERE (`conference_users`.`conference_id` = '1') AND (`conference_users`.user_id = 1) LIMIT 1[0m
  [4;36;1mConference Columns (0.7ms)[0m   [0;1mSHOW FIELDS FROM `conferences`[0m
  [4;35;1mConference Load (0.8ms)[0m   [0mSELECT * FROM `conferences` WHERE (`conferences`.`id` = 1) [0m
  [4;36;1mConferenceUser Load (0.1ms)[0m   [0;1mSELECT `conference_users`.* FROM `conference_users` WHERE (`conference_users`.conference_id = 1) [0m
  [4;35;1mMessage Columns (1.4ms)[0m   [0mSHOW FIELDS FROM `messages`[0m
Rendering template within layouts/conferences
Rendering conferences/show
Rendered conferences/_messages_list (0.1ms)
  [4;36;1mMessage Load (0.1ms)[0m   [0;1mSELECT * FROM `messages` WHERE (`messages`.conference_id = 1) [0m

ActionView::TemplateError (undefined method `message_conference_path' for #<ActionView::Base:0xb6a11204>) on line #1 of app/views/conferences/_message_input.html.erb:
1: <% form_remote_for message, :url=>message_conference_path(conference) do |message| %>
2: 	<%= message.text_area :text %>
3: <% end %>

    app/views/conferences/_message_input.html.erb:1
    app/views/conferences/show.html.erb:9

Rendered rescues/_trace (101.2ms)
Rendered rescues/_request_and_response (0.4ms)
Rendering rescues/layout (internal_server_error)
  [4;35;1mSQL (0.1ms)[0m   [0mSET SQL_AUTO_IS_NULL=0[0m


Processing ConferencesController#show (for 127.0.0.1 at 2010-04-14 21:42:24) [GET]
  Parameters: {"id"=>"1"}
  [4;36;1mUser Columns (0.9ms)[0m   [0;1mSHOW FIELDS FROM `users`[0m
  [4;35;1mUser Load (0.1ms)[0m   [0mSELECT * FROM `users` WHERE (`users`.`id` = 1) LIMIT 1[0m
  [4;36;1mConferenceUser Columns (0.8ms)[0m   [0;1mSHOW FIELDS FROM `conference_users`[0m
  [4;35;1mConferenceUser Load (0.1ms)[0m   [0mSELECT * FROM `conference_users` WHERE (`conference_users`.`conference_id` = '1') AND (`conference_users`.user_id = 1) LIMIT 1[0m
  [4;36;1mConference Columns (0.7ms)[0m   [0;1mSHOW FIELDS FROM `conferences`[0m
  [4;35;1mConference Load (0.1ms)[0m   [0mSELECT * FROM `conferences` WHERE (`conferences`.`id` = 1) [0m
  [4;36;1mConferenceUser Load (0.1ms)[0m   [0;1mSELECT `conference_users`.* FROM `conference_users` WHERE (`conference_users`.conference_id = 1) [0m
  [4;35;1mMessage Columns (0.7ms)[0m   [0mSHOW FIELDS FROM `messages`[0m
Rendering template within layouts/conferences
Rendering conferences/show
Rendered conferences/_messages_list (0.1ms)
  [4;36;1mMessage Load (0.1ms)[0m   [0;1mSELECT * FROM `messages` WHERE (`messages`.conference_id = 1) [0m

ActionView::TemplateError (undefined method `message_conference_path' for #<ActionView::Base:0xb678812c>) on line #1 of app/views/conferences/_message_input.html.erb:
1: <% form_remote_for message, :url=>message_conference_path(conference) do |message| %>
2: 	<%= message.text_area :text %>
3: <% end %>

    app/views/conferences/_message_input.html.erb:1
    app/views/conferences/show.html.erb:9

Rendered rescues/_trace (58.6ms)
Rendered rescues/_request_and_response (0.3ms)
Rendering rescues/layout (internal_server_error)
  [4;36;1mSQL (0.1ms)[0m   [0;1mSET SQL_AUTO_IS_NULL=0[0m


Processing ConferencesController#show (for 127.0.0.1 at 2010-04-14 21:42:36) [GET]
  Parameters: {"id"=>"1"}
  [4;35;1mUser Columns (1.4ms)[0m   [0mSHOW FIELDS FROM `users`[0m
  [4;36;1mUser Load (0.1ms)[0m   [0;1mSELECT * FROM `users` WHERE (`users`.`id` = 1) LIMIT 1[0m
  [4;35;1mConferenceUser Columns (0.8ms)[0m   [0mSHOW FIELDS FROM `conference_users`[0m
  [4;36;1mConferenceUser Load (0.1ms)[0m   [0;1mSELECT * FROM `conference_users` WHERE (`conference_users`.`conference_id` = '1') AND (`conference_users`.user_id = 1) LIMIT 1[0m
  [4;35;1mConference Columns (0.6ms)[0m   [0mSHOW FIELDS FROM `conferences`[0m
  [4;36;1mConference Load (0.1ms)[0m   [0;1mSELECT * FROM `conferences` WHERE (`conferences`.`id` = 1) [0m
  [4;35;1mConferenceUser Load (0.1ms)[0m   [0mSELECT `conference_users`.* FROM `conference_users` WHERE (`conference_users`.conference_id = 1) [0m
  [4;36;1mMessage Columns (0.7ms)[0m   [0;1mSHOW FIELDS FROM `messages`[0m
Rendering template within layouts/conferences
Rendering conferences/show
Rendered conferences/_messages_list (0.4ms)
  [4;35;1mMessage Load (0.1ms)[0m   [0mSELECT * FROM `messages` WHERE (`messages`.conference_id = 1) [0m

ActionView::TemplateError (undefined method `message_conference_path' for #<ActionView::Base:0xb67dedd8>) on line #1 of app/views/conferences/_message_input.html.erb:
1: <% form_remote_for message, :url=>message_conference_path(conference) do |message| %>
2: 	<%= message.text_area :text %>
3: <% end %>

    app/views/conferences/_message_input.html.erb:1
    app/views/conferences/show.html.erb:9

Rendered rescues/_trace (69.6ms)
Rendered rescues/_request_and_response (1.5ms)
Rendering rescues/layout (internal_server_error)
  [4;36;1mSQL (0.1ms)[0m   [0;1mSET SQL_AUTO_IS_NULL=0[0m


Processing ConferencesController#show (for 127.0.0.1 at 2010-04-14 21:44:16) [GET]
  Parameters: {"id"=>"1"}
  [4;35;1mUser Columns (1.3ms)[0m   [0mSHOW FIELDS FROM `users`[0m
  [4;36;1mUser Load (0.1ms)[0m   [0;1mSELECT * FROM `users` WHERE (`users`.`id` = 1) LIMIT 1[0m
  [4;35;1mConferenceUser Columns (1.3ms)[0m   [0mSHOW FIELDS FROM `conference_users`[0m
  [4;36;1mConferenceUser Load (0.1ms)[0m   [0;1mSELECT * FROM `conference_users` WHERE (`conference_users`.`conference_id` = '1') AND (`conference_users`.user_id = 1) LIMIT 1[0m
  [4;35;1mConference Columns (1.0ms)[0m   [0mSHOW FIELDS FROM `conferences`[0m
  [4;36;1mConference Load (0.1ms)[0m   [0;1mSELECT * FROM `conferences` WHERE (`conferences`.`id` = 1) [0m
  [4;35;1mConferenceUser Load (0.1ms)[0m   [0mSELECT `conference_users`.* FROM `conference_users` WHERE (`conference_users`.conference_id = 1) [0m
  [4;36;1mMessage Columns (1.1ms)[0m   [0;1mSHOW FIELDS FROM `messages`[0m
Rendering template within layouts/conferences
Rendering conferences/show
Rendered conferences/_messages_list (0.1ms)
  [4;35;1mMessage Load (0.1ms)[0m   [0mSELECT * FROM `messages` WHERE (`messages`.conference_id = 1) [0m

ActionView::TemplateError (undefined method `message_conference_path' for #<ActionView::Base:0xb6837168>) on line #1 of app/views/conferences/_message_input.html.erb:
1: <% form_remote_for message, :url=>message_conference_path(conference) do |message| %>
2: 	<%= message.text_area :text %>
3: <% end %>

    app/views/conferences/_message_input.html.erb:1
    app/views/conferences/show.html.erb:9

Rendered rescues/_trace (138.1ms)
Rendered rescues/_request_and_response (0.4ms)
Rendering rescues/layout (internal_server_error)
  [4;36;1mSQL (0.1ms)[0m   [0;1mSET SQL_AUTO_IS_NULL=0[0m


Processing ConferencesController#show (for 127.0.0.1 at 2010-04-14 21:45:21) [GET]
  Parameters: {"id"=>"1"}
  [4;35;1mUser Columns (1.3ms)[0m   [0mSHOW FIELDS FROM `users`[0m
  [4;36;1mUser Load (0.1ms)[0m   [0;1mSELECT * FROM `users` WHERE (`users`.`id` = 1) LIMIT 1[0m
  [4;35;1mConferenceUser Columns (1.2ms)[0m   [0mSHOW FIELDS FROM `conference_users`[0m
  [4;36;1mConferenceUser Load (0.1ms)[0m   [0;1mSELECT * FROM `conference_users` WHERE (`conference_users`.`conference_id` = '1') AND (`conference_users`.user_id = 1) LIMIT 1[0m
  [4;35;1mConference Columns (1.0ms)[0m   [0mSHOW FIELDS FROM `conferences`[0m
  [4;36;1mConference Load (0.1ms)[0m   [0;1mSELECT * FROM `conferences` WHERE (`conferences`.`id` = 1) [0m
  [4;35;1mConferenceUser Load (0.1ms)[0m   [0mSELECT `conference_users`.* FROM `conference_users` WHERE (`conference_users`.conference_id = 1) [0m
  [4;36;1mMessage Columns (1.0ms)[0m   [0;1mSHOW FIELDS FROM `messages`[0m
Rendering template within layouts/conferences
Rendering conferences/show
Rendered conferences/_messages_list (0.1ms)
Rendered conferences/_message_input (5.8ms)
Rendered shared/_stylesheet_includes (1.0ms)
Rendered shared/_javascript_includes (2.2ms)
Completed in 89ms (View: 29, DB: 5) | 200 OK [http://localhost/conferences/1]
  [4;35;1mSQL (0.1ms)[0m   [0mSET SQL_AUTO_IS_NULL=0[0m


Processing ConferencesController#show (for 127.0.0.1 at 2010-04-14 21:46:59) [GET]
  Parameters: {"id"=>"1"}
  [4;36;1mUser Columns (1.4ms)[0m   [0;1mSHOW FIELDS FROM `users`[0m
  [4;35;1mUser Load (0.1ms)[0m   [0mSELECT * FROM `users` WHERE (`users`.`id` = 1) LIMIT 1[0m
  [4;36;1mConferenceUser Columns (1.2ms)[0m   [0;1mSHOW FIELDS FROM `conference_users`[0m
  [4;35;1mConferenceUser Load (0.1ms)[0m   [0mSELECT * FROM `conference_users` WHERE (`conference_users`.`conference_id` = '1') AND (`conference_users`.user_id = 1) LIMIT 1[0m
  [4;36;1mConference Columns (1.0ms)[0m   [0;1mSHOW FIELDS FROM `conferences`[0m
  [4;35;1mConference Load (0.1ms)[0m   [0mSELECT * FROM `conferences` WHERE (`conferences`.`id` = 1) [0m
  [4;36;1mConferenceUser Load (0.1ms)[0m   [0;1mSELECT `conference_users`.* FROM `conference_users` WHERE (`conference_users`.conference_id = 1) [0m
  [4;35;1mMessage Columns (1.0ms)[0m   [0mSHOW FIELDS FROM `messages`[0m
Rendering template within layouts/conferences
Rendering conferences/show
Rendered conferences/_messages_list (0.2ms)
Rendered conferences/_message_input (6.4ms)
Rendered shared/_stylesheet_includes (0.9ms)
Rendered shared/_javascript_includes (3.3ms)
Completed in 79ms (View: 20, DB: 5) | 200 OK [http://localhost/conferences/1]
  [4;36;1mSQL (0.1ms)[0m   [0;1mSET SQL_AUTO_IS_NULL=0[0m


Processing ConferencesController#show (for 127.0.0.1 at 2010-04-14 21:47:45) [GET]
  Parameters: {"id"=>"1"}
  [4;35;1mUser Columns (0.8ms)[0m   [0mSHOW FIELDS FROM `users`[0m
  [4;36;1mUser Load (0.1ms)[0m   [0;1mSELECT * FROM `users` WHERE (`users`.`id` = 1) LIMIT 1[0m
  [4;35;1mConferenceUser Columns (0.9ms)[0m   [0mSHOW FIELDS FROM `conference_users`[0m
  [4;36;1mConferenceUser Load (0.1ms)[0m   [0;1mSELECT * FROM `conference_users` WHERE (`conference_users`.`conference_id` = '1') AND (`conference_users`.user_id = 1) LIMIT 1[0m
  [4;35;1mConference Columns (0.6ms)[0m   [0mSHOW FIELDS FROM `conferences`[0m
  [4;36;1mConference Load (0.1ms)[0m   [0;1mSELECT * FROM `conferences` WHERE (`conferences`.`id` = 1) [0m
  [4;35;1mConferenceUser Load (0.1ms)[0m   [0mSELECT `conference_users`.* FROM `conference_users` WHERE (`conference_users`.conference_id = 1) [0m
  [4;36;1mMessage Columns (0.7ms)[0m   [0;1mSHOW FIELDS FROM `messages`[0m
Rendering template within layouts/conferences
Rendering conferences/show
Rendered conferences/_messages_list (0.1ms)
Rendered conferences/_message_input (3.2ms)
Rendered shared/_stylesheet_includes (0.5ms)
Rendered shared/_javascript_includes (1.8ms)
Completed in 142ms (View: 8, DB: 3) | 200 OK [http://localhost/conferences/1]
  [4;35;1mSQL (0.1ms)[0m   [0mSET SQL_AUTO_IS_NULL=0[0m


Processing ConferencesController#show (for 127.0.0.1 at 2010-04-14 21:48:16) [GET]
  Parameters: {"id"=>"1"}
  [4;36;1mUser Columns (1.3ms)[0m   [0;1mSHOW FIELDS FROM `users`[0m
  [4;35;1mUser Load (0.1ms)[0m   [0mSELECT * FROM `users` WHERE (`users`.`id` = 1) LIMIT 1[0m
  [4;36;1mConferenceUser Columns (1.2ms)[0m   [0;1mSHOW FIELDS FROM `conference_users`[0m
  [4;35;1mConferenceUser Load (0.1ms)[0m   [0mSELECT * FROM `conference_users` WHERE (`conference_users`.`conference_id` = '1') AND (`conference_users`.user_id = 1) LIMIT 1[0m
  [4;36;1mConference Columns (1.0ms)[0m   [0;1mSHOW FIELDS FROM `conferences`[0m
  [4;35;1mConference Load (0.1ms)[0m   [0mSELECT * FROM `conferences` WHERE (`conferences`.`id` = 1) [0m
  [4;36;1mConferenceUser Load (0.1ms)[0m   [0;1mSELECT `conference_users`.* FROM `conference_users` WHERE (`conference_users`.conference_id = 1) [0m
  [4;35;1mMessage Columns (1.0ms)[0m   [0mSHOW FIELDS FROM `messages`[0m
Rendering template within layouts/conferences
Rendering conferences/show
Rendered conferences/_messages_list (0.1ms)
Rendered conferences/_message_input (5.0ms)
Rendered shared/_stylesheet_includes (0.9ms)
Rendered shared/_javascript_includes (3.2ms)
Completed in 73ms (View: 13, DB: 5) | 200 OK [http://localhost/conferences/1]
  [4;36;1mSQL (0.1ms)[0m   [0;1mSET SQL_AUTO_IS_NULL=0[0m


Processing ConferencesController#show (for 127.0.0.1 at 2010-04-14 21:48:28) [GET]
  Parameters: {"id"=>"1"}
  [4;35;1mUser Columns (1.4ms)[0m   [0mSHOW FIELDS FROM `users`[0m
  [4;36;1mUser Load (0.1ms)[0m   [0;1mSELECT * FROM `users` WHERE (`users`.`id` = 1) LIMIT 1[0m
  [4;35;1mConferenceUser Columns (1.2ms)[0m   [0mSHOW FIELDS FROM `conference_users`[0m
  [4;36;1mConferenceUser Load (0.1ms)[0m   [0;1mSELECT * FROM `conference_users` WHERE (`conference_users`.`conference_id` = '1') AND (`conference_users`.user_id = 1) LIMIT 1[0m
  [4;35;1mConference Columns (1.0ms)[0m   [0mSHOW FIELDS FROM `conferences`[0m
  [4;36;1mConference Load (0.1ms)[0m   [0;1mSELECT * FROM `conferences` WHERE (`conferences`.`id` = 1) [0m
  [4;35;1mConferenceUser Load (0.1ms)[0m   [0mSELECT `conference_users`.* FROM `conference_users` WHERE (`conference_users`.conference_id = 1) [0m
  [4;36;1mMessage Columns (1.0ms)[0m   [0;1mSHOW FIELDS FROM `messages`[0m
Rendering template within layouts/conferences
Rendering conferences/show
Rendered conferences/_messages_list (0.1ms)
Rendered conferences/_message_input (4.9ms)
Rendered shared/_stylesheet_includes (0.9ms)
Rendered shared/_javascript_includes (3.1ms)
Completed in 73ms (View: 12, DB: 5) | 200 OK [http://localhost/conferences/1]
  [4;35;1mSQL (0.1ms)[0m   [0mSET SQL_AUTO_IS_NULL=0[0m


Processing ConferencesController#show (for 127.0.0.1 at 2010-04-14 21:48:47) [GET]
  Parameters: {"id"=>"1"}
  [4;36;1mUser Columns (1.3ms)[0m   [0;1mSHOW FIELDS FROM `users`[0m
  [4;35;1mUser Load (0.1ms)[0m   [0mSELECT * FROM `users` WHERE (`users`.`id` = 1) LIMIT 1[0m
  [4;36;1mConferenceUser Columns (1.3ms)[0m   [0;1mSHOW FIELDS FROM `conference_users`[0m
  [4;35;1mConferenceUser Load (0.1ms)[0m   [0mSELECT * FROM `conference_users` WHERE (`conference_users`.`conference_id` = '1') AND (`conference_users`.user_id = 1) LIMIT 1[0m
  [4;36;1mConference Columns (0.7ms)[0m   [0;1mSHOW FIELDS FROM `conferences`[0m
  [4;35;1mConference Load (0.1ms)[0m   [0mSELECT * FROM `conferences` WHERE (`conferences`.`id` = 1) [0m
  [4;36;1mConferenceUser Load (0.1ms)[0m   [0;1mSELECT `conference_users`.* FROM `conference_users` WHERE (`conference_users`.conference_id = 1) [0m
  [4;35;1mMessage Columns (0.7ms)[0m   [0mSHOW FIELDS FROM `messages`[0m
Rendering template within layouts/conferences
Rendering conferences/show
Rendered conferences/_messages_list (0.1ms)
Rendered conferences/_message_input (3.0ms)
Rendered shared/_stylesheet_includes (0.5ms)
Rendered shared/_javascript_includes (1.8ms)
Completed in 116ms (View: 8, DB: 4) | 200 OK [http://localhost/conferences/1]
  [4;36;1mSQL (0.1ms)[0m   [0;1mSET SQL_AUTO_IS_NULL=0[0m


Processing ConferencesController#show (for 127.0.0.1 at 2010-04-14 21:49:00) [GET]
  Parameters: {"id"=>"1"}
  [4;35;1mUser Columns (1.3ms)[0m   [0mSHOW FIELDS FROM `users`[0m
  [4;36;1mUser Load (0.1ms)[0m   [0;1mSELECT * FROM `users` WHERE (`users`.`id` = 1) LIMIT 1[0m
  [4;35;1mConferenceUser Columns (1.2ms)[0m   [0mSHOW FIELDS FROM `conference_users`[0m
  [4;36;1mConferenceUser Load (0.1ms)[0m   [0;1mSELECT * FROM `conference_users` WHERE (`conference_users`.`conference_id` = '1') AND (`conference_users`.user_id = 1) LIMIT 1[0m
  [4;35;1mConference Columns (1.0ms)[0m   [0mSHOW FIELDS FROM `conferences`[0m
  [4;36;1mConference Load (0.1ms)[0m   [0;1mSELECT * FROM `conferences` WHERE (`conferences`.`id` = 1) [0m
  [4;35;1mConferenceUser Load (0.1ms)[0m   [0mSELECT `conference_users`.* FROM `conference_users` WHERE (`conference_users`.conference_id = 1) [0m
  [4;36;1mMessage Columns (1.0ms)[0m   [0;1mSHOW FIELDS FROM `messages`[0m
Rendering template within layouts/conferences
Rendering conferences/show
Rendered conferences/_messages_list (0.1ms)
Rendered conferences/_message_input (5.0ms)
Rendered shared/_stylesheet_includes (1.2ms)
Rendered shared/_javascript_includes (3.4ms)
Completed in 82ms (View: 13, DB: 5) | 200 OK [http://localhost/conferences/1]
  [4;35;1mSQL (0.1ms)[0m   [0mSET SQL_AUTO_IS_NULL=0[0m


Processing ConferencesController#show (for 127.0.0.1 at 2010-04-14 23:04:37) [GET]
  Parameters: {"id"=>"1"}
  [4;36;1mUser Columns (1.4ms)[0m   [0;1mSHOW FIELDS FROM `users`[0m
  [4;35;1mUser Load (0.1ms)[0m   [0mSELECT * FROM `users` WHERE (`users`.`id` = 1) LIMIT 1[0m
  [4;36;1mConferenceUser Columns (1.2ms)[0m   [0;1mSHOW FIELDS FROM `conference_users`[0m
  [4;35;1mConferenceUser Load (0.1ms)[0m   [0mSELECT * FROM `conference_users` WHERE (`conference_users`.`conference_id` = '1') AND (`conference_users`.user_id = 1) LIMIT 1[0m
  [4;36;1mConference Columns (1.0ms)[0m   [0;1mSHOW FIELDS FROM `conferences`[0m
  [4;35;1mConference Load (0.1ms)[0m   [0mSELECT * FROM `conferences` WHERE (`conferences`.`id` = 1) [0m
  [4;36;1mConferenceUser Load (0.1ms)[0m   [0;1mSELECT `conference_users`.* FROM `conference_users` WHERE (`conference_users`.conference_id = 1) [0m
  [4;35;1mMessage Columns (1.0ms)[0m   [0mSHOW FIELDS FROM `messages`[0m
Rendering template within layouts/conferences
Rendering conferences/show
Rendered conferences/_messages_list (0.1ms)
Rendered conferences/_message_input (4.8ms)
Rendered shared/_stylesheet_includes (0.9ms)
Rendered shared/_javascript_includes (3.1ms)
Completed in 70ms (View: 12, DB: 5) | 200 OK [http://localhost/conferences/1]
  [4;36;1mSQL (0.1ms)[0m   [0;1mSET SQL_AUTO_IS_NULL=0[0m
  [4;35;1mUser Load (0.4ms)[0m   [0mSELECT * FROM `users` LIMIT 1[0m
  [4;36;1mUser Columns (1.3ms)[0m   [0;1mSHOW FIELDS FROM `users`[0m
  [4;35;1mMessage Load (0.4ms)[0m   [0mSELECT * FROM `messages` WHERE (`messages`.sender_id = 1) [0m
  [4;36;1mUser Load (0.1ms)[0m   [0;1mSELECT * FROM `users` LIMIT 1[0m
  [4;35;1mMessage Columns (1.0ms)[0m   [0mSHOW FIELDS FROM `messages`[0m
  [4;36;1mSQL (0.1ms)[0m   [0;1mBEGIN[0m
  [4;35;1mMessage Create (0.6ms)[0m   [0mINSERT INTO `messages` (`created_at`, `updated_at`, `text`, `sender_id`, `conference_id`) VALUES('2010-04-14 17:40:07', '2010-04-14 17:40:07', NULL, 1, NULL)[0m
  [4;36;1mSQL (2.3ms)[0m   [0;1mCOMMIT[0m
  [4;35;1mMessage Load (0.3ms)[0m   [0mSELECT * FROM `messages` WHERE (`messages`.sender_id = 1) [0m
  [4;36;1mUser Load (0.1ms)[0m   [0;1mSELECT * FROM `users` LIMIT 1[0m
  [4;35;1mMessage Load (0.1ms)[0m   [0mSELECT * FROM `messages` WHERE (`messages`.sender_id = 1) [0m
  [4;36;1mUser Load (0.2ms)[0m   [0;1mSELECT * FROM `users` LIMIT 1[0m
  [4;35;1mMessage Load (0.3ms)[0m   [0mSELECT * FROM `messages` WHERE (`messages`.sender_id = 1) LIMIT 1[0m
  [4;36;1mSQL (0.1ms)[0m   [0;1mBEGIN[0m
  [4;35;1mMessage Destroy (0.2ms)[0m   [0mDELETE FROM `messages` WHERE `id` = 1[0m
  [4;36;1mSQL (2.4ms)[0m   [0;1mCOMMIT[0m
  [4;35;1mUser Load (0.1ms)[0m   [0mSELECT * FROM `users` LIMIT 1[0m
  [4;36;1mMessage Load (0.3ms)[0m   [0;1mSELECT * FROM `messages` WHERE (`messages`.sender_id = 1) [0m
  [4;36;1mSQL (0.2ms)[0m   [0;1mSET SQL_AUTO_IS_NULL=0[0m


Processing MainController#index (for 127.0.0.1 at 2010-04-16 22:27:43) [GET]
Filter chain halted as [:login_required] rendered_or_redirected.
Completed in 46ms (View: 35, DB: 0) | 200 OK [http://localhost/]
  [4;35;1mSQL (0.1ms)[0m   [0mSET SQL_AUTO_IS_NULL=0[0m


Processing MainController#index (for 127.0.0.1 at 2010-04-16 22:27:47) [GET]
Filter chain halted as [:login_required] rendered_or_redirected.
Completed in 2ms (View: 1, DB: 0) | 200 OK [http://localhost/]
  [4;36;1mSQL (0.2ms)[0m   [0;1mSET SQL_AUTO_IS_NULL=0[0m


Processing MainController#index (for 127.0.0.1 at 2010-04-16 22:29:09) [GET]
Filter chain halted as [:login_required] rendered_or_redirected.
Completed in 1ms (View: 1, DB: 0) | 200 OK [http://localhost/]
  [4;35;1mSQL (1.7ms)[0m   [0mSET SQL_AUTO_IS_NULL=0[0m


Processing MainController#index (for 127.0.0.1 at 2010-04-16 22:30:43) [GET]
Filter chain halted as [:login_required] rendered_or_redirected.
Completed in 1ms (View: 1, DB: 2) | 200 OK [http://localhost/]
  [4;36;1mSQL (0.2ms)[0m   [0;1mSET SQL_AUTO_IS_NULL=0[0m


Processing MainController#index (for 127.0.0.1 at 2010-04-16 22:31:01) [GET]
Filter chain halted as [:login_required] rendered_or_redirected.
Completed in 6ms (View: 5, DB: 0) | 200 OK [http://localhost/]
  [4;36;1mSQL (0.1ms)[0m   [0;1mSET SQL_AUTO_IS_NULL=0[0m


Processing MainController#index (for 127.0.0.1 at 2010-04-16 22:31:23) [GET]
Filter chain halted as [:login_required] rendered_or_redirected.
Completed in 43ms (View: 42, DB: 0) | 200 OK [http://localhost/]
  [4;35;1mSQL (0.1ms)[0m   [0mSET SQL_AUTO_IS_NULL=0[0m


Processing MainController#index (for 127.0.0.1 at 2010-04-16 22:31:49) [GET]
Filter chain halted as [:login_required] rendered_or_redirected.
Completed in 1ms (View: 1, DB: 0) | 200 OK [http://localhost/]
  [4;36;1mSQL (0.1ms)[0m   [0;1mSET SQL_AUTO_IS_NULL=0[0m


Processing MainController#index (for 127.0.0.1 at 2010-04-16 22:32:01) [GET]
Redirected to http://localhost:5000/account/login
Filter chain halted as [:login_required] rendered_or_redirected.
Completed in 1ms (DB: 0) | 302 Found [http://localhost/]
  [4;35;1mSQL (0.1ms)[0m   [0mSET SQL_AUTO_IS_NULL=0[0m


Processing AccountController#login (for 127.0.0.1 at 2010-04-16 22:32:01) [GET]
Rendering template within layouts/application
Rendering account/login
Rendered shared/_stylesheet_includes (1.3ms)
Rendered shared/_header (30.9ms)
Rendered shared/_javascript_includes (4.2ms)
Completed in 179ms (View: 175, DB: 0) | 200 OK [http://localhost/account/login]
  [4;36;1mSQL (0.1ms)[0m   [0;1mSET SQL_AUTO_IS_NULL=0[0m


Processing MainController#index (for 127.0.0.1 at 2010-04-16 22:32:14) [GET]
Filter chain halted as [:login_required] rendered_or_redirected.
Completed in 2ms (View: 1, DB: 0) | 200 OK [http://localhost/]
  [4;35;1mSQL (0.1ms)[0m   [0mSET SQL_AUTO_IS_NULL=0[0m


Processing MainController#index (for 127.0.0.1 at 2010-04-16 22:33:22) [GET]
Redirected to http://localhost:5000/account/login
Filter chain halted as [:login_required] rendered_or_redirected.
Completed in 2ms (DB: 0) | 302 Found [http://localhost/]
  [4;36;1mSQL (0.1ms)[0m   [0;1mSET SQL_AUTO_IS_NULL=0[0m


Processing AccountController#login (for 127.0.0.1 at 2010-04-16 22:33:22) [GET]
Rendering template within layouts/application
Rendering account/login
Rendered shared/_stylesheet_includes (0.8ms)
Rendered shared/_header (0.7ms)
Rendered shared/_javascript_includes (2.4ms)
Completed in 16ms (View: 12, DB: 0) | 200 OK [http://localhost/account/login]
  [4;35;1mSQL (0.1ms)[0m   [0mSET SQL_AUTO_IS_NULL=0[0m


Processing AccountController#login (for 127.0.0.1 at 2010-04-16 22:33:25) [POST]
  Parameters: {"commit"=>"Log in", "authenticity_token"=>"NMRic/CteGEGlLptXNmAc/6X9467tTd8KSNb6hl8VWg=", "login"=>"harish", "password"=>"test123"}
  [4;36;1mUser Columns (1.6ms)[0m   [0;1mSHOW FIELDS FROM `users`[0m
  [4;35;1mUser Load (0.7ms)[0m   [0mSELECT * FROM `users` WHERE (`users`.`login` = 'harish') LIMIT 1[0m
Redirected to http://localhost:5000/
Completed in 85ms (DB: 2) | 302 Found [http://localhost/account/login]
  [4;36;1mSQL (0.1ms)[0m   [0;1mSET SQL_AUTO_IS_NULL=0[0m


Processing MainController#index (for 127.0.0.1 at 2010-04-16 22:33:25) [GET]
  [4;35;1mUser Columns (2.0ms)[0m   [0mSHOW FIELDS FROM `users`[0m
  [4;36;1mUser Load (0.7ms)[0m   [0;1mSELECT * FROM `users` WHERE (`users`.`id` = 1) LIMIT 1[0m
Rendering template within layouts/application
Rendering main/index
  [4;35;1mSQL (0.8ms)[0m   [0mSELECT count(*) AS count_all FROM `users` INNER JOIN `contacts` ON `users`.id = `contacts`.friend_id WHERE ((`contacts`.user_id = 1)) [0m
  [4;36;1mCACHE (0.0ms)[0m   [0;1mSELECT count(*) AS count_all FROM `users` INNER JOIN `contacts` ON `users`.id = `contacts`.friend_id WHERE ((`contacts`.user_id = 1)) [0m
  [4;35;1mContact Load (0.7ms)[0m   [0mSELECT * FROM `contacts` WHERE (`contacts`.user_id = 1) ORDER BY status asc, initiator asc, created_at asc[0m
  [4;36;1mContact Columns (1.2ms)[0m   [0;1mSHOW FIELDS FROM `contacts`[0m
  [4;35;1mUser Load (0.6ms)[0m   [0mSELECT * FROM `users` WHERE (`users`.`id` = 2) [0m
Rendered shared/_stylesheet_includes (0.7ms)
Rendered shared/_header (1.3ms)
Rendered shared/_javascript_includes (2.6ms)
Completed in 87ms (View: 58, DB: 6) | 200 OK [http://localhost/]
  [4;36;1mSQL (0.1ms)[0m   [0;1mSET SQL_AUTO_IS_NULL=0[0m


Processing ConferencesController#new (for 127.0.0.1 at 2010-04-16 22:33:28) [GET]
  Parameters: {"contact_id"=>"1"}
  [4;35;1mUser Columns (0.9ms)[0m   [0mSHOW FIELDS FROM `users`[0m
  [4;36;1mUser Load (0.1ms)[0m   [0;1mSELECT * FROM `users` WHERE (`users`.`id` = 1) LIMIT 1[0m
  [4;35;1mContact Columns (0.7ms)[0m   [0mSHOW FIELDS FROM `contacts`[0m
  [4;36;1mContact Load (0.3ms)[0m   [0;1mSELECT * FROM `contacts` WHERE (`contacts`.`id` = 1) [0m
  [4;35;1mConference Load (0.9ms)[0m   [0mSELECT `conferences`.* FROM `conferences` INNER JOIN `conference_users` ON `conferences`.id = `conference_users`.conference_id WHERE ((`conference_users`.user_id = 1)) [0m
  [4;36;1mConference Columns (1.2ms)[0m   [0;1mSHOW FIELDS FROM `conferences`[0m
  [4;35;1mConferenceUser Load (0.7ms)[0m   [0mSELECT `conference_users`.* FROM `conference_users` WHERE (`conference_users`.conference_id = 1) [0m
  [4;36;1mConferenceUser Columns (1.4ms)[0m   [0;1mSHOW FIELDS FROM `conference_users`[0m
  [4;35;1mConferenceUser Load (0.7ms)[0m   [0mSELECT * FROM `conference_users` WHERE (`conference_users`.`user_id` = 2) AND (`conference_users`.conference_id = 1) LIMIT 1[0m
Redirected to http://localhost:5000/conferences/1
Completed in 106ms (DB: 7) | 302 Found [http://localhost/conferences/new?contact_id=1]
  [4;36;1mSQL (0.1ms)[0m   [0;1mSET SQL_AUTO_IS_NULL=0[0m


Processing ConferencesController#show (for 127.0.0.1 at 2010-04-16 22:33:28) [GET]
  Parameters: {"id"=>"1"}
  [4;35;1mUser Columns (1.5ms)[0m   [0mSHOW FIELDS FROM `users`[0m
  [4;36;1mUser Load (0.3ms)[0m   [0;1mSELECT * FROM `users` WHERE (`users`.`id` = 1) LIMIT 1[0m
  [4;35;1mConferenceUser Columns (6.2ms)[0m   [0mSHOW FIELDS FROM `conference_users`[0m
  [4;36;1mConferenceUser Load (0.7ms)[0m   [0;1mSELECT * FROM `conference_users` WHERE (`conference_users`.`conference_id` = '1') AND (`conference_users`.user_id = 1) LIMIT 1[0m
  [4;35;1mConference Columns (1.3ms)[0m   [0mSHOW FIELDS FROM `conferences`[0m
  [4;36;1mConference Load (0.7ms)[0m   [0;1mSELECT * FROM `conferences` WHERE (`conferences`.`id` = 1) [0m
  [4;35;1mConferenceUser Load (0.2ms)[0m   [0mSELECT `conference_users`.* FROM `conference_users` WHERE (`conference_users`.conference_id = 1) [0m
  [4;36;1mMessage Columns (1.8ms)[0m   [0;1mSHOW FIELDS FROM `messages`[0m
Rendering template within layouts/conferences
Rendering conferences/show
Rendered conferences/_messages_list (3.6ms)
Rendered conferences/_message_input (8.2ms)
Rendered shared/_stylesheet_includes (0.6ms)
Rendered shared/_javascript_includes (2.1ms)
Completed in 217ms (View: 108, DB: 13) | 200 OK [http://localhost/conferences/1]
  [4;35;1mSQL (0.1ms)[0m   [0mSET SQL_AUTO_IS_NULL=0[0m


Processing ConferencesController#show (for 127.0.0.1 at 2010-04-16 22:43:20) [GET]
  Parameters: {"id"=>"1"}
  [4;36;1mUser Columns (1.4ms)[0m   [0;1mSHOW FIELDS FROM `users`[0m
  [4;35;1mUser Load (0.1ms)[0m   [0mSELECT * FROM `users` WHERE (`users`.`id` = 1) LIMIT 1[0m
  [4;36;1mConferenceUser Columns (1.3ms)[0m   [0;1mSHOW FIELDS FROM `conference_users`[0m
  [4;35;1mConferenceUser Load (0.1ms)[0m   [0mSELECT * FROM `conference_users` WHERE (`conference_users`.`conference_id` = '1') AND (`conference_users`.user_id = 1) LIMIT 1[0m
  [4;36;1mConference Columns (1.0ms)[0m   [0;1mSHOW FIELDS FROM `conferences`[0m
  [4;35;1mConference Load (0.1ms)[0m   [0mSELECT * FROM `conferences` WHERE (`conferences`.`id` = 1) [0m
  [4;36;1mConferenceUser Load (0.2ms)[0m   [0;1mSELECT `conference_users`.* FROM `conference_users` WHERE (`conference_users`.conference_id = 1) [0m
  [4;35;1mMessage Columns (1.0ms)[0m   [0mSHOW FIELDS FROM `messages`[0m
Rendering template within layouts/conferences
Rendering conferences/show
Rendered conferences/_messages_list (0.2ms)
Rendered conferences/_message_input (4.9ms)
Rendered shared/_stylesheet_includes (0.9ms)
Rendered shared/_javascript_includes (3.1ms)
Completed in 82ms (View: 21, DB: 5) | 200 OK [http://localhost/conferences/1]
